# JRE version: Java(TM) SE Runtime Environment (8.0_111-b14) (build 1.8.0_111-b14)
# Java VM: Java HotSpot(TM) 64-Bit Server VM (25.111-b14 mixed mode windows-amd64 compressed oops)
Heap:
 PSYoungGen      total 106496K, used 53436K [0x00000000eb400000, 0x00000000f2980000, 0x0000000100000000)
  eden space 100864K, 47% used [0x00000000eb400000,0x00000000ee307e98,0x00000000f1680000)
  from space 5632K, 93% used [0x00000000f2400000,0x00000000f29271a0,0x00000000f2980000)
  to   space 9216K, 0% used [0x00000000f1780000,0x00000000f1780000,0x00000000f2080000)
 ParOldGen       total 41984K, used 17046K [0x00000000c1c00000, 0x00000000c4500000, 0x00000000eb400000)
  object space 41984K, 40% used [0x00000000c1c00000,0x00000000c2ca5910,0x00000000c4500000)
 Metaspace       used 31372K, capacity 32070K, committed 32256K, reserved 1079296K
  class space    used 3140K, capacity 3301K, committed 3328K, reserved 1048576K
GC Heap History (10 events):
Event: 3.180 GC heap before
{Heap before GC invocations=5 (full 0):
 PSYoungGen      total 35328K, used 35320K [0x00000000eb400000, 0x00000000ed900000, 0x0000000100000000)
  eden space 32768K, 100% used [0x00000000eb400000,0x00000000ed400000,0x00000000ed400000)
  from space 2560K, 99% used [0x00000000ed680000,0x00000000ed8fe030,0x00000000ed900000)
  to   space 2560K, 0% used [0x00000000ed400000,0x00000000ed400000,0x00000000ed680000)
 ParOldGen       total 44032K, used 9657K [0x00000000c1c00000, 0x00000000c4700000, 0x00000000eb400000)
  object space 44032K, 21% used [0x00000000c1c00000,0x00000000c256e490,0x00000000c4700000)
 Metaspace       used 20403K, capacity 20814K, committed 20992K, reserved 1067008K
  class space    used 2295K, capacity 2469K, committed 2560K, reserved 1048576K
Event: 3.187 GC heap after
Heap after GC invocations=5 (full 0):
 PSYoungGen      total 35328K, used 2552K [0x00000000eb400000, 0x00000000f0300000, 0x0000000100000000)
  eden space 32768K, 0% used [0x00000000eb400000,0x00000000eb400000,0x00000000ed400000)
  from space 2560K, 99% used [0x00000000ed400000,0x00000000ed67e030,0x00000000ed680000)
  to   space 7680K, 0% used [0x00000000efb80000,0x00000000efb80000,0x00000000f0300000)
 ParOldGen       total 44032K, used 14415K [0x00000000c1c00000, 0x00000000c4700000, 0x00000000eb400000)
  object space 44032K, 32% used [0x00000000c1c00000,0x00000000c2a13d08,0x00000000c4700000)
 Metaspace       used 20403K, capacity 20814K, committed 20992K, reserved 1067008K
  class space    used 2295K, capacity 2469K, committed 2560K, reserved 1048576K
}
Event: 3.228 GC heap before
{Heap before GC invocations=6 (full 0):
 PSYoungGen      total 35328K, used 4520K [0x00000000eb400000, 0x00000000f0300000, 0x0000000100000000)
  eden space 32768K, 6% used [0x00000000eb400000,0x00000000eb5ec3a0,0x00000000ed400000)
  from space 2560K, 99% used [0x00000000ed400000,0x00000000ed67e030,0x00000000ed680000)
  to   space 7680K, 0% used [0x00000000efb80000,0x00000000efb80000,0x00000000f0300000)
 ParOldGen       total 44032K, used 14415K [0x00000000c1c00000, 0x00000000c4700000, 0x00000000eb400000)
  object space 44032K, 32% used [0x00000000c1c00000,0x00000000c2a13d08,0x00000000c4700000)
 Metaspace       used 20641K, capacity 21070K, committed 21248K, reserved 1069056K
  class space    used 2316K, capacity 2469K, committed 2560K, reserved 1048576K
Event: 3.233 GC heap after
Heap after GC invocations=6 (full 0):
 PSYoungGen      total 73216K, used 3148K [0x00000000eb400000, 0x00000000f0300000, 0x0000000100000000)
  eden space 65536K, 0% used [0x00000000eb400000,0x00000000eb400000,0x00000000ef400000)
  from space 7680K, 40% used [0x00000000efb80000,0x00000000efe930c0,0x00000000f0300000)
  to   space 7680K, 0% used [0x00000000ef400000,0x00000000ef400000,0x00000000efb80000)
 ParOldGen       total 44032K, used 14415K [0x00000000c1c00000, 0x00000000c4700000, 0x00000000eb400000)
  object space 44032K, 32% used [0x00000000c1c00000,0x00000000c2a13d08,0x00000000c4700000)
 Metaspace       used 20641K, capacity 21070K, committed 21248K, reserved 1069056K
  class space    used 2316K, capacity 2469K, committed 2560K, reserved 1048576K
}
Event: 3.233 GC heap before
{Heap before GC invocations=7 (full 1):
 PSYoungGen      total 73216K, used 3148K [0x00000000eb400000, 0x00000000f0300000, 0x0000000100000000)
  eden space 65536K, 0% used [0x00000000eb400000,0x00000000eb400000,0x00000000ef400000)
  from space 7680K, 40% used [0x00000000efb80000,0x00000000efe930c0,0x00000000f0300000)
  to   space 7680K, 0% used [0x00000000ef400000,0x00000000ef400000,0x00000000efb80000)
 ParOldGen       total 44032K, used 14415K [0x00000000c1c00000, 0x00000000c4700000, 0x00000000eb400000)
  object space 44032K, 32% used [0x00000000c1c00000,0x00000000c2a13d08,0x00000000c4700000)
 Metaspace       used 20641K, capacity 21070K, committed 21248K, reserved 1069056K
  class space    used 2316K, capacity 2469K, committed 2560K, reserved 1048576K
Event: 3.287 GC heap after
Heap after GC invocations=7 (full 1):
 PSYoungGen      total 73216K, used 0K [0x00000000eb400000, 0x00000000f0300000, 0x0000000100000000)
  eden space 65536K, 0% used [0x00000000eb400000,0x00000000eb400000,0x00000000ef400000)
  from space 7680K, 0% used [0x00000000efb80000,0x00000000efb80000,0x00000000f0300000)
  to   space 7680K, 0% used [0x00000000ef400000,0x00000000ef400000,0x00000000efb80000)
 ParOldGen       total 41984K, used 15564K [0x00000000c1c00000, 0x00000000c4500000, 0x00000000eb400000)
  object space 41984K, 37% used [0x00000000c1c00000,0x00000000c2b332b8,0x00000000c4500000)
 Metaspace       used 20641K, capacity 21070K, committed 21248K, reserved 1069056K
  class space    used 2316K, capacity 2469K, committed 2560K, reserved 1048576K
}
Event: 130.010 GC heap before
{Heap before GC invocations=8 (full 1):
 PSYoungGen      total 73216K, used 65536K [0x00000000eb400000, 0x00000000f0300000, 0x0000000100000000)
  eden space 65536K, 100% used [0x00000000eb400000,0x00000000ef400000,0x00000000ef400000)
  from space 7680K, 0% used [0x00000000efb80000,0x00000000efb80000,0x00000000f0300000)
  to   space 7680K, 0% used [0x00000000ef400000,0x00000000ef400000,0x00000000efb80000)
 ParOldGen       total 41984K, used 15564K [0x00000000c1c00000, 0x00000000c4500000, 0x00000000eb400000)
  object space 41984K, 37% used [0x00000000c1c00000,0x00000000c2b332b8,0x00000000c4500000)
 Metaspace       used 29239K, capacity 29736K, committed 30080K, reserved 1077248K
  class space    used 2994K, capacity 3152K, committed 3200K, reserved 1048576K
Event: 130.020 GC heap after
Heap after GC invocations=8 (full 1):
 PSYoungGen      total 73216K, used 7651K [0x00000000eb400000, 0x00000000f2d80000, 0x0000000100000000)
  eden space 65536K, 0% used [0x00000000eb400000,0x00000000eb400000,0x00000000ef400000)
  from space 7680K, 99% used [0x00000000ef400000,0x00000000efb78de8,0x00000000efb80000)
  to   space 9728K, 0% used [0x00000000f2400000,0x00000000f2400000,0x00000000f2d80000)
 ParOldGen       total 41984K, used 17038K [0x00000000c1c00000, 0x00000000c4500000, 0x00000000eb400000)
  object space 41984K, 40% used [0x00000000c1c00000,0x00000000c2ca3910,0x00000000c4500000)
 Metaspace       used 29239K, capacity 29736K, committed 30080K, reserved 1077248K
  class space    used 2994K, capacity 3152K, committed 3200K, reserved 1048576K
}
Event: 183.696 GC heap before
{Heap before GC invocations=9 (full 1):
 PSYoungGen      total 73216K, used 73187K [0x00000000eb400000, 0x00000000f2d80000, 0x0000000100000000)
  eden space 65536K, 100% used [0x00000000eb400000,0x00000000ef400000,0x00000000ef400000)
  from space 7680K, 99% used [0x00000000ef400000,0x00000000efb78de8,0x00000000efb80000)
  to   space 9728K, 0% used [0x00000000f2400000,0x00000000f2400000,0x00000000f2d80000)
 ParOldGen       total 41984K, used 17038K [0x00000000c1c00000, 0x00000000c4500000, 0x00000000eb400000)
  object space 41984K, 40% used [0x00000000c1c00000,0x00000000c2ca3910,0x00000000c4500000)
 Metaspace       used 31124K, capacity 31872K, committed 32000K, reserved 1077248K
  class space    used 3138K, capacity 3299K, committed 3328K, reserved 1048576K
Event: 183.748 GC heap after
Heap after GC invocations=9 (full 1):
 PSYoungGen      total 106496K, used 5276K [0x00000000eb400000, 0x00000000f2980000, 0x0000000100000000)
  eden space 100864K, 0% used [0x00000000eb400000,0x00000000eb400000,0x00000000f1680000)
  from space 5632K, 93% used [0x00000000f2400000,0x00000000f29271a0,0x00000000f2980000)
  to   space 9216K, 0% used [0x00000000f1780000,0x00000000f1780000,0x00000000f2080000)
 ParOldGen       total 41984K, used 17046K [0x00000000c1c00000, 0x00000000c4500000, 0x00000000eb400000)
  object space 41984K, 40% used [0x00000000c1c00000,0x00000000c2ca5910,0x00000000c4500000)
 Metaspace       used 31124K, capacity 31872K, committed 32000K, reserved 1077248K
  class space    used 3138K, capacity 3299K, committed 3328K, reserved 1048576K
}

