# JRE version: Java(TM) SE Runtime Environment (8.0_111-b14) (build 1.8.0_111-b14)
# Java VM: Java HotSpot(TM) 64-Bit Server VM (25.111-b14 mixed mode windows-amd64 compressed oops)
Heap:
 PSYoungGen      total 162816K, used 66121K [0x00000000eb400000, 0x00000000f6a80000, 0x0000000100000000)
  eden space 145920K, 35% used [0x00000000eb400000,0x00000000ee660710,0x00000000f4280000)
  from space 16896K, 86% used [0x00000000f4880000,0x00000000f56b1d48,0x00000000f5900000)
  to   space 17920K, 0% used [0x00000000f5900000,0x00000000f5900000,0x00000000f6a80000)
 ParOldGen       total 101888K, used 64421K [0x00000000c1c00000, 0x00000000c7f80000, 0x00000000eb400000)
  object space 101888K, 63% used [0x00000000c1c00000,0x00000000c5ae96e8,0x00000000c7f80000)
 Metaspace       used 30983K, capacity 31554K, committed 31872K, reserved 1077248K
  class space    used 3150K, capacity 3356K, committed 3456K, reserved 1048576K
GC Heap History (10 events):
Event: 143.650 GC heap before
{Heap before GC invocations=16 (full 2):
 PSYoungGen      total 118272K, used 10742K [0x00000000eb400000, 0x00000000f3500000, 0x0000000100000000)
  eden space 107520K, 0% used [0x00000000eb400000,0x00000000eb400000,0x00000000f1d00000)
  from space 10752K, 99% used [0x00000000f2a00000,0x00000000f347d8b0,0x00000000f3480000)
  to   space 12288K, 0% used [0x00000000f1d00000,0x00000000f1d00000,0x00000000f2900000)
 ParOldGen       total 30720K, used 26527K [0x00000000c1c00000, 0x00000000c3a00000, 0x00000000eb400000)
  object space 30720K, 86% used [0x00000000c1c00000,0x00000000c35e7ee0,0x00000000c3a00000)
 Metaspace       used 30706K, capacity 31198K, committed 31616K, reserved 1077248K
  class space    used 3143K, capacity 3350K, committed 3456K, reserved 1048576K
Event: 143.883 GC heap after
Heap after GC invocations=16 (full 2):
 PSYoungGen      total 118272K, used 4355K [0x00000000eb400000, 0x00000000f3500000, 0x0000000100000000)
  eden space 107520K, 0% used [0x00000000eb400000,0x00000000eb400000,0x00000000f1d00000)
  from space 10752K, 40% used [0x00000000f2a00000,0x00000000f2e40eb0,0x00000000f3480000)
  to   space 12288K, 0% used [0x00000000f1d00000,0x00000000f1d00000,0x00000000f2900000)
 ParOldGen       total 59904K, used 30712K [0x00000000c1c00000, 0x00000000c5680000, 0x00000000eb400000)
  object space 59904K, 51% used [0x00000000c1c00000,0x00000000c39fe330,0x00000000c5680000)
 Metaspace       used 30706K, capacity 31198K, committed 31616K, reserved 1077248K
  class space    used 3143K, capacity 3350K, committed 3456K, reserved 1048576K
}
Event: 205.246 GC heap before
{Heap before GC invocations=17 (full 2):
 PSYoungGen      total 118272K, used 111875K [0x00000000eb400000, 0x00000000f3500000, 0x0000000100000000)
  eden space 107520K, 100% used [0x00000000eb400000,0x00000000f1d00000,0x00000000f1d00000)
  from space 10752K, 40% used [0x00000000f2a00000,0x00000000f2e40eb0,0x00000000f3480000)
  to   space 12288K, 0% used [0x00000000f1d00000,0x00000000f1d00000,0x00000000f2900000)
 ParOldGen       total 59904K, used 30712K [0x00000000c1c00000, 0x00000000c5680000, 0x00000000eb400000)
  object space 59904K, 51% used [0x00000000c1c00000,0x00000000c39fe330,0x00000000c5680000)
 Metaspace       used 30805K, capacity 31362K, committed 31616K, reserved 1077248K
  class space    used 3148K, capacity 3356K, committed 3456K, reserved 1048576K
Event: 205.354 GC heap after
Heap after GC invocations=17 (full 2):
 PSYoungGen      total 119808K, used 12259K [0x00000000eb400000, 0x00000000f6b80000, 0x0000000100000000)
  eden space 107520K, 0% used [0x00000000eb400000,0x00000000eb400000,0x00000000f1d00000)
  from space 12288K, 99% used [0x00000000f1d00000,0x00000000f28f8f10,0x00000000f2900000)
  to   space 16384K, 0% used [0x00000000f5b80000,0x00000000f5b80000,0x00000000f6b80000)
 ParOldGen       total 59904K, used 37008K [0x00000000c1c00000, 0x00000000c5680000, 0x00000000eb400000)
  object space 59904K, 61% used [0x00000000c1c00000,0x00000000c4024358,0x00000000c5680000)
 Metaspace       used 30805K, capacity 31362K, committed 31616K, reserved 1077248K
  class space    used 3148K, capacity 3356K, committed 3456K, reserved 1048576K
}
Event: 213.877 GC heap before
{Heap before GC invocations=18 (full 2):
 PSYoungGen      total 119808K, used 118682K [0x00000000eb400000, 0x00000000f6b80000, 0x0000000100000000)
  eden space 107520K, 98% used [0x00000000eb400000,0x00000000f1bed9c8,0x00000000f1d00000)
  from space 12288K, 99% used [0x00000000f1d00000,0x00000000f28f8f10,0x00000000f2900000)
  to   space 16384K, 0% used [0x00000000f5b80000,0x00000000f5b80000,0x00000000f6b80000)
 ParOldGen       total 59904K, used 37008K [0x00000000c1c00000, 0x00000000c5680000, 0x00000000eb400000)
  object space 59904K, 61% used [0x00000000c1c00000,0x00000000c4024358,0x00000000c5680000)
 Metaspace       used 30822K, capacity 31426K, committed 31616K, reserved 1077248K
  class space    used 3148K, capacity 3356K, committed 3456K, reserved 1048576K
Event: 213.888 GC heap after
Heap after GC invocations=18 (full 2):
 PSYoungGen      total 168448K, used 14296K [0x00000000eb400000, 0x00000000f6b80000, 0x0000000100000000)
  eden space 152064K, 0% used [0x00000000eb400000,0x00000000eb400000,0x00000000f4880000)
  from space 16384K, 87% used [0x00000000f5b80000,0x00000000f6976050,0x00000000f6b80000)
  to   space 17920K, 0% used [0x00000000f4880000,0x00000000f4880000,0x00000000f5a00000)
 ParOldGen       total 59904K, used 49152K [0x00000000c1c00000, 0x00000000c5680000, 0x00000000eb400000)
  object space 59904K, 82% used [0x00000000c1c00000,0x00000000c4c000f8,0x00000000c5680000)
 Metaspace       used 30822K, capacity 31426K, committed 31616K, reserved 1077248K
  class space    used 3148K, capacity 3356K, committed 3456K, reserved 1048576K
}
Event: 252.126 GC heap before
{Heap before GC invocations=19 (full 2):
 PSYoungGen      total 168448K, used 164071K [0x00000000eb400000, 0x00000000f6b80000, 0x0000000100000000)
  eden space 152064K, 98% used [0x00000000eb400000,0x00000000f4643e98,0x00000000f4880000)
  from space 16384K, 87% used [0x00000000f5b80000,0x00000000f6976050,0x00000000f6b80000)
  to   space 17920K, 0% used [0x00000000f4880000,0x00000000f4880000,0x00000000f5a00000)
 ParOldGen       total 59904K, used 49152K [0x00000000c1c00000, 0x00000000c5680000, 0x00000000eb400000)
  object space 59904K, 82% used [0x00000000c1c00000,0x00000000c4c000f8,0x00000000c5680000)
 Metaspace       used 30848K, capacity 31426K, committed 31616K, reserved 1077248K
  class space    used 3148K, capacity 3356K, committed 3456K, reserved 1048576K
Event: 252.155 GC heap after
Heap after GC invocations=19 (full 2):
 PSYoungGen      total 162816K, used 16632K [0x00000000eb400000, 0x00000000f6a80000, 0x0000000100000000)
  eden space 145920K, 0% used [0x00000000eb400000,0x00000000eb400000,0x00000000f4280000)
  from space 16896K, 98% used [0x00000000f4880000,0x00000000f58be200,0x00000000f5900000)
  to   space 17920K, 0% used [0x00000000f5900000,0x00000000f5900000,0x00000000f6a80000)
 ParOldGen       total 66048K, used 65660K [0x00000000c1c00000, 0x00000000c5c80000, 0x00000000eb400000)
  object space 66048K, 99% used [0x00000000c1c00000,0x00000000c5c1f268,0x00000000c5c80000)
 Metaspace       used 30848K, capacity 31426K, committed 31616K, reserved 1077248K
  class space    used 3148K, capacity 3356K, committed 3456K, reserved 1048576K
}
Event: 252.155 GC heap before
{Heap before GC invocations=20 (full 3):
 PSYoungGen      total 162816K, used 16632K [0x00000000eb400000, 0x00000000f6a80000, 0x0000000100000000)
  eden space 145920K, 0% used [0x00000000eb400000,0x00000000eb400000,0x00000000f4280000)
  from space 16896K, 98% used [0x00000000f4880000,0x00000000f58be200,0x00000000f5900000)
  to   space 17920K, 0% used [0x00000000f5900000,0x00000000f5900000,0x00000000f6a80000)
 ParOldGen       total 66048K, used 65660K [0x00000000c1c00000, 0x00000000c5c80000, 0x00000000eb400000)
  object space 66048K, 99% used [0x00000000c1c00000,0x00000000c5c1f268,0x00000000c5c80000)
 Metaspace       used 30848K, capacity 31426K, committed 31616K, reserved 1077248K
  class space    used 3148K, capacity 3356K, committed 3456K, reserved 1048576K
Event: 252.676 GC heap after
Heap after GC invocations=20 (full 3):
 PSYoungGen      total 162816K, used 14535K [0x00000000eb400000, 0x00000000f6a80000, 0x0000000100000000)
  eden space 145920K, 0% used [0x00000000eb400000,0x00000000eb400000,0x00000000f4280000)
  from space 16896K, 86% used [0x00000000f4880000,0x00000000f56b1d48,0x00000000f5900000)
  to   space 17920K, 0% used [0x00000000f5900000,0x00000000f5900000,0x00000000f6a80000)
 ParOldGen       total 101888K, used 64421K [0x00000000c1c00000, 0x00000000c7f80000, 0x00000000eb400000)
  object space 101888K, 63% used [0x00000000c1c00000,0x00000000c5ae96e8,0x00000000c7f80000)
 Metaspace       used 30848K, capacity 31426K, committed 31616K, reserved 1077248K
  class space    used 3148K, capacity 3356K, committed 3456K, reserved 1048576K
}

