# JRE version: Java(TM) SE Runtime Environment (8.0_111-b14) (build 1.8.0_111-b14)
# Java VM: Java HotSpot(TM) 64-Bit Server VM (25.111-b14 mixed mode windows-amd64 compressed oops)
Heap:
 PSYoungGen      total 102912K, used 60411K [0x00000000eb400000, 0x00000000f2900000, 0x0000000100000000)
  eden space 89600K, 55% used [0x00000000eb400000,0x00000000ee4b1168,0x00000000f0b80000)
  from space 13312K, 79% used [0x00000000f1900000,0x00000000f2358158,0x00000000f2600000)
  to   space 13824K, 0% used [0x00000000f0b80000,0x00000000f0b80000,0x00000000f1900000)
 ParOldGen       total 69120K, used 31428K [0x00000000c1c00000, 0x00000000c5f80000, 0x00000000eb400000)
  object space 69120K, 45% used [0x00000000c1c00000,0x00000000c3ab1098,0x00000000c5f80000)
 Metaspace       used 31627K, capacity 32212K, committed 32512K, reserved 1079296K
  class space    used 3147K, capacity 3323K, committed 3328K, reserved 1048576K
GC Heap History (10 events):
Event: 27.816 GC heap before
{Heap before GC invocations=10 (full 1):
 PSYoungGen      total 57856K, used 57748K [0x00000000eb400000, 0x00000000efd00000, 0x0000000100000000)
  eden space 52736K, 100% used [0x00000000eb400000,0x00000000ee780000,0x00000000ee780000)
  from space 5120K, 97% used [0x00000000ef800000,0x00000000efce51e8,0x00000000efd00000)
  to   space 7680K, 0% used [0x00000000eee00000,0x00000000eee00000,0x00000000ef580000)
 ParOldGen       total 35328K, used 9833K [0x00000000c1c00000, 0x00000000c3e80000, 0x00000000eb400000)
  object space 35328K, 27% used [0x00000000c1c00000,0x00000000c259a4e8,0x00000000c3e80000)
 Metaspace       used 30602K, capacity 31052K, committed 31488K, reserved 1077248K
  class space    used 3134K, capacity 3311K, committed 3328K, reserved 1048576K
Event: 27.824 GC heap after
Heap after GC invocations=10 (full 1):
 PSYoungGen      total 67072K, used 7665K [0x00000000eb400000, 0x00000000f0c80000, 0x0000000100000000)
  eden space 59392K, 0% used [0x00000000eb400000,0x00000000eb400000,0x00000000eee00000)
  from space 7680K, 99% used [0x00000000eee00000,0x00000000ef57c758,0x00000000ef580000)
  to   space 8704K, 0% used [0x00000000f0400000,0x00000000f0400000,0x00000000f0c80000)
 ParOldGen       total 35328K, used 10125K [0x00000000c1c00000, 0x00000000c3e80000, 0x00000000eb400000)
  object space 35328K, 28% used [0x00000000c1c00000,0x00000000c25e35c0,0x00000000c3e80000)
 Metaspace       used 30602K, capacity 31052K, committed 31488K, reserved 1077248K
  class space    used 3134K, capacity 3311K, committed 3328K, reserved 1048576K
}
Event: 39.895 GC heap before
{Heap before GC invocations=11 (full 1):
 PSYoungGen      total 67072K, used 67008K [0x00000000eb400000, 0x00000000f0c80000, 0x0000000100000000)
  eden space 59392K, 99% used [0x00000000eb400000,0x00000000eedf3c10,0x00000000eee00000)
  from space 7680K, 99% used [0x00000000eee00000,0x00000000ef57c758,0x00000000ef580000)
  to   space 8704K, 0% used [0x00000000f0400000,0x00000000f0400000,0x00000000f0c80000)
 ParOldGen       total 35328K, used 10125K [0x00000000c1c00000, 0x00000000c3e80000, 0x00000000eb400000)
  object space 35328K, 28% used [0x00000000c1c00000,0x00000000c25e35c0,0x00000000c3e80000)
 Metaspace       used 31164K, capacity 31664K, committed 32000K, reserved 1077248K
  class space    used 3142K, capacity 3317K, committed 3328K, reserved 1048576K
Event: 39.907 GC heap after
Heap after GC invocations=11 (full 1):
 PSYoungGen      total 77312K, used 8699K [0x00000000eb400000, 0x00000000f1c80000, 0x0000000100000000)
  eden space 68608K, 0% used [0x00000000eb400000,0x00000000eb400000,0x00000000ef700000)
  from space 8704K, 99% used [0x00000000f0400000,0x00000000f0c7ede8,0x00000000f0c80000)
  to   space 13312K, 0% used [0x00000000ef700000,0x00000000ef700000,0x00000000f0400000)
 ParOldGen       total 35328K, used 19331K [0x00000000c1c00000, 0x00000000c3e80000, 0x00000000eb400000)
  object space 35328K, 54% used [0x00000000c1c00000,0x00000000c2ee0ef0,0x00000000c3e80000)
 Metaspace       used 31164K, capacity 31664K, committed 32000K, reserved 1077248K
  class space    used 3142K, capacity 3317K, committed 3328K, reserved 1048576K
}
Event: 56.975 GC heap before
{Heap before GC invocations=12 (full 1):
 PSYoungGen      total 77312K, used 77307K [0x00000000eb400000, 0x00000000f1c80000, 0x0000000100000000)
  eden space 68608K, 100% used [0x00000000eb400000,0x00000000ef700000,0x00000000ef700000)
  from space 8704K, 99% used [0x00000000f0400000,0x00000000f0c7ede8,0x00000000f0c80000)
  to   space 13312K, 0% used [0x00000000ef700000,0x00000000ef700000,0x00000000f0400000)
 ParOldGen       total 35328K, used 19331K [0x00000000c1c00000, 0x00000000c3e80000, 0x00000000eb400000)
  object space 35328K, 54% used [0x00000000c1c00000,0x00000000c2ee0ef0,0x00000000c3e80000)
 Metaspace       used 31481K, capacity 32084K, committed 32256K, reserved 1079296K
  class space    used 3145K, capacity 3323K, committed 3328K, reserved 1048576K
Event: 56.987 GC heap after
Heap after GC invocations=12 (full 1):
 PSYoungGen      total 81920K, used 7798K [0x00000000eb400000, 0x00000000f2600000, 0x0000000100000000)
  eden space 68608K, 0% used [0x00000000eb400000,0x00000000eb400000,0x00000000ef700000)
  from space 13312K, 58% used [0x00000000ef700000,0x00000000efe9d910,0x00000000f0400000)
  to   space 13312K, 0% used [0x00000000f1900000,0x00000000f1900000,0x00000000f2600000)
 ParOldGen       total 35328K, used 27204K [0x00000000c1c00000, 0x00000000c3e80000, 0x00000000eb400000)
  object space 35328K, 77% used [0x00000000c1c00000,0x00000000c3691350,0x00000000c3e80000)
 Metaspace       used 31481K, capacity 32084K, committed 32256K, reserved 1079296K
  class space    used 3145K, capacity 3323K, committed 3328K, reserved 1048576K
}
Event: 56.987 GC heap before
{Heap before GC invocations=13 (full 2):
 PSYoungGen      total 81920K, used 7798K [0x00000000eb400000, 0x00000000f2600000, 0x0000000100000000)
  eden space 68608K, 0% used [0x00000000eb400000,0x00000000eb400000,0x00000000ef700000)
  from space 13312K, 58% used [0x00000000ef700000,0x00000000efe9d910,0x00000000f0400000)
  to   space 13312K, 0% used [0x00000000f1900000,0x00000000f1900000,0x00000000f2600000)
 ParOldGen       total 35328K, used 27204K [0x00000000c1c00000, 0x00000000c3e80000, 0x00000000eb400000)
  object space 35328K, 77% used [0x00000000c1c00000,0x00000000c3691350,0x00000000c3e80000)
 Metaspace       used 31481K, capacity 32084K, committed 32256K, reserved 1079296K
  class space    used 3145K, capacity 3323K, committed 3328K, reserved 1048576K
Event: 57.137 GC heap after
Heap after GC invocations=13 (full 2):
 PSYoungGen      total 81920K, used 0K [0x00000000eb400000, 0x00000000f2600000, 0x0000000100000000)
  eden space 68608K, 0% used [0x00000000eb400000,0x00000000eb400000,0x00000000ef700000)
  from space 13312K, 0% used [0x00000000ef700000,0x00000000ef700000,0x00000000f0400000)
  to   space 13312K, 0% used [0x00000000f1900000,0x00000000f1900000,0x00000000f2600000)
 ParOldGen       total 69120K, used 31420K [0x00000000c1c00000, 0x00000000c5f80000, 0x00000000eb400000)
  object space 69120K, 45% used [0x00000000c1c00000,0x00000000c3aaf098,0x00000000c5f80000)
 Metaspace       used 31481K, capacity 32084K, committed 32256K, reserved 1079296K
  class space    used 3145K, capacity 3323K, committed 3328K, reserved 1048576K
}
Event: 77.432 GC heap before
{Heap before GC invocations=14 (full 2):
 PSYoungGen      total 81920K, used 67920K [0x00000000eb400000, 0x00000000f2600000, 0x0000000100000000)
  eden space 68608K, 98% used [0x00000000eb400000,0x00000000ef6541f0,0x00000000ef700000)
  from space 13312K, 0% used [0x00000000ef700000,0x00000000ef700000,0x00000000f0400000)
  to   space 13312K, 0% used [0x00000000f1900000,0x00000000f1900000,0x00000000f2600000)
 ParOldGen       total 69120K, used 31420K [0x00000000c1c00000, 0x00000000c5f80000, 0x00000000eb400000)
  object space 69120K, 45% used [0x00000000c1c00000,0x00000000c3aaf098,0x00000000c5f80000)
 Metaspace       used 31560K, capacity 32148K, committed 32512K, reserved 1079296K
  class space    used 3146K, capacity 3323K, committed 3328K, reserved 1048576K
Event: 77.449 GC heap after
Heap after GC invocations=14 (full 2):
 PSYoungGen      total 102912K, used 10592K [0x00000000eb400000, 0x00000000f2900000, 0x0000000100000000)
  eden space 89600K, 0% used [0x00000000eb400000,0x00000000eb400000,0x00000000f0b80000)
  from space 13312K, 79% used [0x00000000f1900000,0x00000000f2358158,0x00000000f2600000)
  to   space 13824K, 0% used [0x00000000f0b80000,0x00000000f0b80000,0x00000000f1900000)
 ParOldGen       total 69120K, used 31428K [0x00000000c1c00000, 0x00000000c5f80000, 0x00000000eb400000)
  object space 69120K, 45% used [0x00000000c1c00000,0x00000000c3ab1098,0x00000000c5f80000)
 Metaspace       used 31560K, capacity 32148K, committed 32512K, reserved 1079296K
  class space    used 3146K, capacity 3323K, committed 3328K, reserved 1048576K
}

