# JRE version: Java(TM) SE Runtime Environment (8.0_111-b14) (build 1.8.0_111-b14)
# Java VM: Java HotSpot(TM) 64-Bit Server VM (25.111-b14 mixed mode windows-amd64 compressed oops)
Heap:
 PSYoungGen      total 52224K, used 34579K [0x00000000eb400000, 0x00000000f0280000, 0x0000000100000000)
  eden space 45056K, 61% used [0x00000000eb400000,0x00000000eced7268,0x00000000ee000000)
  from space 7168K, 98% used [0x00000000efb80000,0x00000000f026da50,0x00000000f0280000)
  to   space 8192K, 0% used [0x00000000ef280000,0x00000000ef280000,0x00000000efa80000)
 ParOldGen       total 47104K, used 15242K [0x00000000c1c00000, 0x00000000c4a00000, 0x00000000eb400000)
  object space 47104K, 32% used [0x00000000c1c00000,0x00000000c2ae2958,0x00000000c4a00000)
 Metaspace       used 26912K, capacity 27446K, committed 27648K, reserved 1073152K
  class space    used 2788K, capacity 2952K, committed 3072K, reserved 1048576K
GC Heap History (10 events):
Event: 2.318 GC heap before
{Heap before GC invocations=3 (full 0):
 PSYoungGen      total 18944K, used 18920K [0x00000000eb400000, 0x00000000ed900000, 0x0000000100000000)
  eden space 16384K, 100% used [0x00000000eb400000,0x00000000ec400000,0x00000000ec400000)
  from space 2560K, 99% used [0x00000000ec680000,0x00000000ec8fa020,0x00000000ec900000)
  to   space 2560K, 0% used [0x00000000ec400000,0x00000000ec400000,0x00000000ec680000)
 ParOldGen       total 44032K, used 5218K [0x00000000c1c00000, 0x00000000c4700000, 0x00000000eb400000)
  object space 44032K, 11% used [0x00000000c1c00000,0x00000000c21188d0,0x00000000c4700000)
 Metaspace       used 16986K, capacity 17380K, committed 17792K, reserved 1064960K
  class space    used 1928K, capacity 2074K, committed 2176K, reserved 1048576K
Event: 2.325 GC heap after
Heap after GC invocations=3 (full 0):
 PSYoungGen      total 18944K, used 2546K [0x00000000eb400000, 0x00000000ed900000, 0x0000000100000000)
  eden space 16384K, 0% used [0x00000000eb400000,0x00000000eb400000,0x00000000ec400000)
  from space 2560K, 99% used [0x00000000ec400000,0x00000000ec67c860,0x00000000ec680000)
  to   space 2560K, 0% used [0x00000000ed680000,0x00000000ed680000,0x00000000ed900000)
 ParOldGen       total 44032K, used 7670K [0x00000000c1c00000, 0x00000000c4700000, 0x00000000eb400000)
  object space 44032K, 17% used [0x00000000c1c00000,0x00000000c237d9e8,0x00000000c4700000)
 Metaspace       used 16986K, capacity 17380K, committed 17792K, reserved 1064960K
  class space    used 1928K, capacity 2074K, committed 2176K, reserved 1048576K
}
Event: 2.543 GC heap before
{Heap before GC invocations=4 (full 0):
 PSYoungGen      total 18944K, used 18930K [0x00000000eb400000, 0x00000000ed900000, 0x0000000100000000)
  eden space 16384K, 100% used [0x00000000eb400000,0x00000000ec400000,0x00000000ec400000)
  from space 2560K, 99% used [0x00000000ec400000,0x00000000ec67c860,0x00000000ec680000)
  to   space 2560K, 0% used [0x00000000ed680000,0x00000000ed680000,0x00000000ed900000)
 ParOldGen       total 44032K, used 7670K [0x00000000c1c00000, 0x00000000c4700000, 0x00000000eb400000)
  object space 44032K, 17% used [0x00000000c1c00000,0x00000000c237d9e8,0x00000000c4700000)
 Metaspace       used 17520K, capacity 17962K, committed 18304K, reserved 1064960K
  class space    used 1984K, capacity 2139K, committed 2176K, reserved 1048576K
Event: 2.550 GC heap after
Heap after GC invocations=4 (full 0):
 PSYoungGen      total 35328K, used 2546K [0x00000000eb400000, 0x00000000ed900000, 0x0000000100000000)
  eden space 32768K, 0% used [0x00000000eb400000,0x00000000eb400000,0x00000000ed400000)
  from space 2560K, 99% used [0x00000000ed680000,0x00000000ed8fc840,0x00000000ed900000)
  to   space 2560K, 0% used [0x00000000ed400000,0x00000000ed400000,0x00000000ed680000)
 ParOldGen       total 44032K, used 9851K [0x00000000c1c00000, 0x00000000c4700000, 0x00000000eb400000)
  object space 44032K, 22% used [0x00000000c1c00000,0x00000000c259ee60,0x00000000c4700000)
 Metaspace       used 17520K, capacity 17962K, committed 18304K, reserved 1064960K
  class space    used 1984K, capacity 2139K, committed 2176K, reserved 1048576K
}
Event: 3.437 GC heap before
{Heap before GC invocations=5 (full 0):
 PSYoungGen      total 35328K, used 32746K [0x00000000eb400000, 0x00000000ed900000, 0x0000000100000000)
  eden space 32768K, 92% used [0x00000000eb400000,0x00000000ed17e280,0x00000000ed400000)
  from space 2560K, 99% used [0x00000000ed680000,0x00000000ed8fc840,0x00000000ed900000)
  to   space 2560K, 0% used [0x00000000ed400000,0x00000000ed400000,0x00000000ed680000)
 ParOldGen       total 44032K, used 9851K [0x00000000c1c00000, 0x00000000c4700000, 0x00000000eb400000)
  object space 44032K, 22% used [0x00000000c1c00000,0x00000000c259ee60,0x00000000c4700000)
 Metaspace       used 20602K, capacity 21070K, committed 21248K, reserved 1069056K
  class space    used 2305K, capacity 2469K, committed 2560K, reserved 1048576K
Event: 3.446 GC heap after
Heap after GC invocations=5 (full 0):
 PSYoungGen      total 35328K, used 2557K [0x00000000eb400000, 0x00000000f0300000, 0x0000000100000000)
  eden space 32768K, 0% used [0x00000000eb400000,0x00000000eb400000,0x00000000ed400000)
  from space 2560K, 99% used [0x00000000ed400000,0x00000000ed67f790,0x00000000ed680000)
  to   space 7680K, 0% used [0x00000000efb80000,0x00000000efb80000,0x00000000f0300000)
 ParOldGen       total 44032K, used 14632K [0x00000000c1c00000, 0x00000000c4700000, 0x00000000eb400000)
  object space 44032K, 33% used [0x00000000c1c00000,0x00000000c2a4a330,0x00000000c4700000)
 Metaspace       used 20602K, capacity 21070K, committed 21248K, reserved 1069056K
  class space    used 2305K, capacity 2469K, committed 2560K, reserved 1048576K
}
Event: 3.446 GC heap before
{Heap before GC invocations=6 (full 1):
 PSYoungGen      total 35328K, used 2557K [0x00000000eb400000, 0x00000000f0300000, 0x0000000100000000)
  eden space 32768K, 0% used [0x00000000eb400000,0x00000000eb400000,0x00000000ed400000)
  from space 2560K, 99% used [0x00000000ed400000,0x00000000ed67f790,0x00000000ed680000)
  to   space 7680K, 0% used [0x00000000efb80000,0x00000000efb80000,0x00000000f0300000)
 ParOldGen       total 44032K, used 14632K [0x00000000c1c00000, 0x00000000c4700000, 0x00000000eb400000)
  object space 44032K, 33% used [0x00000000c1c00000,0x00000000c2a4a330,0x00000000c4700000)
 Metaspace       used 20602K, capacity 21070K, committed 21248K, reserved 1069056K
  class space    used 2305K, capacity 2469K, committed 2560K, reserved 1048576K
Event: 3.520 GC heap after
Heap after GC invocations=6 (full 1):
 PSYoungGen      total 35328K, used 0K [0x00000000eb400000, 0x00000000f0300000, 0x0000000100000000)
  eden space 32768K, 0% used [0x00000000eb400000,0x00000000eb400000,0x00000000ed400000)
  from space 2560K, 0% used [0x00000000ed400000,0x00000000ed400000,0x00000000ed680000)
  to   space 7680K, 0% used [0x00000000efb80000,0x00000000efb80000,0x00000000f0300000)
 ParOldGen       total 47104K, used 15234K [0x00000000c1c00000, 0x00000000c4a00000, 0x00000000eb400000)
  object space 47104K, 32% used [0x00000000c1c00000,0x00000000c2ae0958,0x00000000c4a00000)
 Metaspace       used 20602K, capacity 21070K, committed 21248K, reserved 1069056K
  class space    used 2305K, capacity 2469K, committed 2560K, reserved 1048576K
}
Event: 4.312 GC heap before
{Heap before GC invocations=7 (full 1):
 PSYoungGen      total 35328K, used 32768K [0x00000000eb400000, 0x00000000f0300000, 0x0000000100000000)
  eden space 32768K, 100% used [0x00000000eb400000,0x00000000ed400000,0x00000000ed400000)
  from space 2560K, 0% used [0x00000000ed400000,0x00000000ed400000,0x00000000ed680000)
  to   space 7680K, 0% used [0x00000000efb80000,0x00000000efb80000,0x00000000f0300000)
 ParOldGen       total 47104K, used 15234K [0x00000000c1c00000, 0x00000000c4a00000, 0x00000000eb400000)
  object space 47104K, 32% used [0x00000000c1c00000,0x00000000c2ae0958,0x00000000c4a00000)
 Metaspace       used 26566K, capacity 27088K, committed 27264K, reserved 1073152K
  class space    used 2759K, capacity 2918K, committed 2944K, reserved 1048576K
Event: 4.319 GC heap after
Heap after GC invocations=7 (full 1):
 PSYoungGen      total 52224K, used 7094K [0x00000000eb400000, 0x00000000f0280000, 0x0000000100000000)
  eden space 45056K, 0% used [0x00000000eb400000,0x00000000eb400000,0x00000000ee000000)
  from space 7168K, 98% used [0x00000000efb80000,0x00000000f026da50,0x00000000f0280000)
  to   space 8192K, 0% used [0x00000000ef280000,0x00000000ef280000,0x00000000efa80000)
 ParOldGen       total 47104K, used 15242K [0x00000000c1c00000, 0x00000000c4a00000, 0x00000000eb400000)
  object space 47104K, 32% used [0x00000000c1c00000,0x00000000c2ae2958,0x00000000c4a00000)
 Metaspace       used 26566K, capacity 27088K, committed 27264K, reserved 1073152K
  class space    used 2759K, capacity 2918K, committed 2944K, reserved 1048576K
}

