# JRE version: Java(TM) SE Runtime Environment (8.0_111-b14) (build 1.8.0_111-b14)
# Java VM: Java HotSpot(TM) 64-Bit Server VM (25.111-b14 mixed mode windows-amd64 compressed oops)
Heap:
 PSYoungGen      total 73216K, used 73204K [0x00000000eb400000, 0x00000000f2c00000, 0x0000000100000000)
  eden space 65024K, 100% used [0x00000000eb400000,0x00000000ef380000,0x00000000ef380000)
  from space 8192K, 99% used [0x00000000ef380000,0x00000000efb7d370,0x00000000efb80000)
  to   space 9216K, 0% used [0x00000000f2300000,0x00000000f2300000,0x00000000f2c00000)
 ParOldGen       total 42496K, used 15332K [0x00000000c1c00000, 0x00000000c4580000, 0x00000000eb400000)
  object space 42496K, 36% used [0x00000000c1c00000,0x00000000c2af92e0,0x00000000c4580000)
 Metaspace       used 31398K, capacity 31922K, committed 32256K, reserved 1079296K
  class space    used 3116K, capacity 3293K, committed 3328K, reserved 1048576K
GC Heap History (10 events):
Event: 2.762 GC heap before
{Heap before GC invocations=4 (full 0):
 PSYoungGen      total 18944K, used 18930K [0x00000000eb400000, 0x00000000ed900000, 0x0000000100000000)
  eden space 16384K, 99% used [0x00000000eb400000,0x00000000ec3fffe8,0x00000000ec400000)
  from space 2560K, 99% used [0x00000000ec400000,0x00000000ec67c840,0x00000000ec680000)
  to   space 2560K, 0% used [0x00000000ed680000,0x00000000ed680000,0x00000000ed900000)
 ParOldGen       total 44032K, used 7674K [0x00000000c1c00000, 0x00000000c4700000, 0x00000000eb400000)
  object space 44032K, 17% used [0x00000000c1c00000,0x00000000c237ea08,0x00000000c4700000)
 Metaspace       used 17541K, capacity 17966K, committed 18304K, reserved 1064960K
  class space    used 1984K, capacity 2139K, committed 2176K, reserved 1048576K
Event: 2.769 GC heap after
Heap after GC invocations=4 (full 0):
 PSYoungGen      total 35328K, used 2546K [0x00000000eb400000, 0x00000000ed900000, 0x0000000100000000)
  eden space 32768K, 0% used [0x00000000eb400000,0x00000000eb400000,0x00000000ed400000)
  from space 2560K, 99% used [0x00000000ed680000,0x00000000ed8fc840,0x00000000ed900000)
  to   space 2560K, 0% used [0x00000000ed400000,0x00000000ed400000,0x00000000ed680000)
 ParOldGen       total 44032K, used 9673K [0x00000000c1c00000, 0x00000000c4700000, 0x00000000eb400000)
  object space 44032K, 21% used [0x00000000c1c00000,0x00000000c2572610,0x00000000c4700000)
 Metaspace       used 17541K, capacity 17966K, committed 18304K, reserved 1064960K
  class space    used 1984K, capacity 2139K, committed 2176K, reserved 1048576K
}
Event: 3.739 GC heap before
{Heap before GC invocations=5 (full 0):
 PSYoungGen      total 35328K, used 35314K [0x00000000eb400000, 0x00000000ed900000, 0x0000000100000000)
  eden space 32768K, 100% used [0x00000000eb400000,0x00000000ed400000,0x00000000ed400000)
  from space 2560K, 99% used [0x00000000ed680000,0x00000000ed8fc840,0x00000000ed900000)
  to   space 2560K, 0% used [0x00000000ed400000,0x00000000ed400000,0x00000000ed680000)
 ParOldGen       total 44032K, used 9673K [0x00000000c1c00000, 0x00000000c4700000, 0x00000000eb400000)
  object space 44032K, 21% used [0x00000000c1c00000,0x00000000c2572610,0x00000000c4700000)
 Metaspace       used 20293K, capacity 20722K, committed 20992K, reserved 1067008K
  class space    used 2277K, capacity 2437K, committed 2560K, reserved 1048576K
Event: 3.747 GC heap after
Heap after GC invocations=5 (full 0):
 PSYoungGen      total 35328K, used 2552K [0x00000000eb400000, 0x00000000f0300000, 0x0000000100000000)
  eden space 32768K, 0% used [0x00000000eb400000,0x00000000eb400000,0x00000000ed400000)
  from space 2560K, 99% used [0x00000000ed400000,0x00000000ed67e030,0x00000000ed680000)
  to   space 7680K, 0% used [0x00000000efb80000,0x00000000efb80000,0x00000000f0300000)
 ParOldGen       total 44032K, used 14445K [0x00000000c1c00000, 0x00000000c4700000, 0x00000000eb400000)
  object space 44032K, 32% used [0x00000000c1c00000,0x00000000c2a1b630,0x00000000c4700000)
 Metaspace       used 20293K, capacity 20722K, committed 20992K, reserved 1067008K
  class space    used 2277K, capacity 2437K, committed 2560K, reserved 1048576K
}
Event: 3.802 GC heap before
{Heap before GC invocations=6 (full 0):
 PSYoungGen      total 35328K, used 4638K [0x00000000eb400000, 0x00000000f0300000, 0x0000000100000000)
  eden space 32768K, 6% used [0x00000000eb400000,0x00000000eb609908,0x00000000ed400000)
  from space 2560K, 99% used [0x00000000ed400000,0x00000000ed67e030,0x00000000ed680000)
  to   space 7680K, 0% used [0x00000000efb80000,0x00000000efb80000,0x00000000f0300000)
 ParOldGen       total 44032K, used 14445K [0x00000000c1c00000, 0x00000000c4700000, 0x00000000eb400000)
  object space 44032K, 32% used [0x00000000c1c00000,0x00000000c2a1b630,0x00000000c4700000)
 Metaspace       used 20631K, capacity 21074K, committed 21248K, reserved 1069056K
  class space    used 2308K, capacity 2469K, committed 2560K, reserved 1048576K
Event: 3.808 GC heap after
Heap after GC invocations=6 (full 0):
 PSYoungGen      total 72704K, used 3054K [0x00000000eb400000, 0x00000000f0400000, 0x0000000100000000)
  eden space 65024K, 0% used [0x00000000eb400000,0x00000000eb400000,0x00000000ef380000)
  from space 7680K, 39% used [0x00000000efb80000,0x00000000efe7bbd0,0x00000000f0300000)
  to   space 8192K, 0% used [0x00000000ef380000,0x00000000ef380000,0x00000000efb80000)
 ParOldGen       total 44032K, used 14453K [0x00000000c1c00000, 0x00000000c4700000, 0x00000000eb400000)
  object space 44032K, 32% used [0x00000000c1c00000,0x00000000c2a1d630,0x00000000c4700000)
 Metaspace       used 20631K, capacity 21074K, committed 21248K, reserved 1069056K
  class space    used 2308K, capacity 2469K, committed 2560K, reserved 1048576K
}
Event: 3.808 GC heap before
{Heap before GC invocations=7 (full 1):
 PSYoungGen      total 72704K, used 3054K [0x00000000eb400000, 0x00000000f0400000, 0x0000000100000000)
  eden space 65024K, 0% used [0x00000000eb400000,0x00000000eb400000,0x00000000ef380000)
  from space 7680K, 39% used [0x00000000efb80000,0x00000000efe7bbd0,0x00000000f0300000)
  to   space 8192K, 0% used [0x00000000ef380000,0x00000000ef380000,0x00000000efb80000)
 ParOldGen       total 44032K, used 14453K [0x00000000c1c00000, 0x00000000c4700000, 0x00000000eb400000)
  object space 44032K, 32% used [0x00000000c1c00000,0x00000000c2a1d630,0x00000000c4700000)
 Metaspace       used 20631K, capacity 21074K, committed 21248K, reserved 1069056K
  class space    used 2308K, capacity 2469K, committed 2560K, reserved 1048576K
Event: 3.868 GC heap after
Heap after GC invocations=7 (full 1):
 PSYoungGen      total 72704K, used 0K [0x00000000eb400000, 0x00000000f0400000, 0x0000000100000000)
  eden space 65024K, 0% used [0x00000000eb400000,0x00000000eb400000,0x00000000ef380000)
  from space 7680K, 0% used [0x00000000efb80000,0x00000000efb80000,0x00000000f0300000)
  to   space 8192K, 0% used [0x00000000ef380000,0x00000000ef380000,0x00000000efb80000)
 ParOldGen       total 42496K, used 14757K [0x00000000c1c00000, 0x00000000c4580000, 0x00000000eb400000)
  object space 42496K, 34% used [0x00000000c1c00000,0x00000000c2a69410,0x00000000c4580000)
 Metaspace       used 20631K, capacity 21074K, committed 21248K, reserved 1069056K
  class space    used 2308K, capacity 2469K, committed 2560K, reserved 1048576K
}
Event: 11.593 GC heap before
{Heap before GC invocations=8 (full 1):
 PSYoungGen      total 72704K, used 65024K [0x00000000eb400000, 0x00000000f0400000, 0x0000000100000000)
  eden space 65024K, 100% used [0x00000000eb400000,0x00000000ef380000,0x00000000ef380000)
  from space 7680K, 0% used [0x00000000efb80000,0x00000000efb80000,0x00000000f0300000)
  to   space 8192K, 0% used [0x00000000ef380000,0x00000000ef380000,0x00000000efb80000)
 ParOldGen       total 42496K, used 14757K [0x00000000c1c00000, 0x00000000c4580000, 0x00000000eb400000)
  object space 42496K, 34% used [0x00000000c1c00000,0x00000000c2a69410,0x00000000c4580000)
 Metaspace       used 30191K, capacity 30672K, committed 30976K, reserved 1077248K
  class space    used 3099K, capacity 3250K, committed 3328K, reserved 1048576K
Event: 11.607 GC heap after
Heap after GC invocations=8 (full 1):
 PSYoungGen      total 73216K, used 8180K [0x00000000eb400000, 0x00000000f2c00000, 0x0000000100000000)
  eden space 65024K, 0% used [0x00000000eb400000,0x00000000eb400000,0x00000000ef380000)
  from space 8192K, 99% used [0x00000000ef380000,0x00000000efb7d370,0x00000000efb80000)
  to   space 9216K, 0% used [0x00000000f2300000,0x00000000f2300000,0x00000000f2c00000)
 ParOldGen       total 42496K, used 15332K [0x00000000c1c00000, 0x00000000c4580000, 0x00000000eb400000)
  object space 42496K, 36% used [0x00000000c1c00000,0x00000000c2af92e0,0x00000000c4580000)
 Metaspace       used 30191K, capacity 30672K, committed 30976K, reserved 1077248K
  class space    used 3099K, capacity 3250K, committed 3328K, reserved 1048576K
}

