# JRE version: Java(TM) SE Runtime Environment (8.0_111-b14) (build 1.8.0_111-b14)
# Java VM: Java HotSpot(TM) 64-Bit Server VM (25.111-b14 mixed mode windows-amd64 compressed oops)
Heap:
 PSYoungGen      total 69120K, used 37281K [0x00000000eb400000, 0x00000000eff80000, 0x0000000100000000)
  eden space 62976K, 50% used [0x00000000eb400000,0x00000000ed2dd180,0x00000000ef180000)
  from space 6144K, 92% used [0x00000000ef200000,0x00000000ef78b330,0x00000000ef800000)
  to   space 7168K, 0% used [0x00000000ef880000,0x00000000ef880000,0x00000000eff80000)
 ParOldGen       total 40448K, used 13468K [0x00000000c1c00000, 0x00000000c4380000, 0x00000000eb400000)
  object space 40448K, 33% used [0x00000000c1c00000,0x00000000c2927008,0x00000000c4380000)
 Metaspace       used 30831K, capacity 31276K, committed 31488K, reserved 1077248K
  class space    used 3115K, capacity 3291K, committed 3328K, reserved 1048576K
GC Heap History (10 events):
Event: 3.749 GC heap before
{Heap before GC invocations=6 (full 0):
 PSYoungGen      total 18944K, used 18936K [0x00000000eb400000, 0x00000000ee000000, 0x0000000100000000)
  eden space 16384K, 100% used [0x00000000eb400000,0x00000000ec400000,0x00000000ec400000)
  from space 2560K, 99% used [0x00000000ec400000,0x00000000ec67e030,0x00000000ec680000)
  to   space 6144K, 0% used [0x00000000eda00000,0x00000000eda00000,0x00000000ee000000)
 ParOldGen       total 44032K, used 10832K [0x00000000c1c00000, 0x00000000c4700000, 0x00000000eb400000)
  object space 44032K, 24% used [0x00000000c1c00000,0x00000000c2694218,0x00000000c4700000)
 Metaspace       used 19500K, capacity 19954K, committed 20096K, reserved 1067008K
  class space    used 2200K, capacity 2373K, committed 2432K, reserved 1048576K
Event: 3.756 GC heap after
Heap after GC invocations=6 (full 0):
 PSYoungGen      total 38400K, used 5380K [0x00000000eb400000, 0x00000000ee100000, 0x0000000100000000)
  eden space 32256K, 0% used [0x00000000eb400000,0x00000000eb400000,0x00000000ed380000)
  from space 6144K, 87% used [0x00000000eda00000,0x00000000edf41160,0x00000000ee000000)
  to   space 6656K, 0% used [0x00000000ed380000,0x00000000ed380000,0x00000000eda00000)
 ParOldGen       total 44032K, used 10832K [0x00000000c1c00000, 0x00000000c4700000, 0x00000000eb400000)
  object space 44032K, 24% used [0x00000000c1c00000,0x00000000c2694218,0x00000000c4700000)
 Metaspace       used 19500K, capacity 19954K, committed 20096K, reserved 1067008K
  class space    used 2200K, capacity 2373K, committed 2432K, reserved 1048576K
}
Event: 3.872 GC heap before
{Heap before GC invocations=7 (full 0):
 PSYoungGen      total 38400K, used 11339K [0x00000000eb400000, 0x00000000ee100000, 0x0000000100000000)
  eden space 32256K, 18% used [0x00000000eb400000,0x00000000eb9d1af8,0x00000000ed380000)
  from space 6144K, 87% used [0x00000000eda00000,0x00000000edf41160,0x00000000ee000000)
  to   space 6656K, 0% used [0x00000000ed380000,0x00000000ed380000,0x00000000eda00000)
 ParOldGen       total 44032K, used 10832K [0x00000000c1c00000, 0x00000000c4700000, 0x00000000eb400000)
  object space 44032K, 24% used [0x00000000c1c00000,0x00000000c2694218,0x00000000c4700000)
 Metaspace       used 20649K, capacity 21074K, committed 21248K, reserved 1069056K
  class space    used 2306K, capacity 2469K, committed 2560K, reserved 1048576K
Event: 3.878 GC heap after
Heap after GC invocations=7 (full 0):
 PSYoungGen      total 38912K, used 3076K [0x00000000eb400000, 0x00000000f0000000, 0x0000000100000000)
  eden space 32256K, 0% used [0x00000000eb400000,0x00000000eb400000,0x00000000ed380000)
  from space 6656K, 46% used [0x00000000ed380000,0x00000000ed681168,0x00000000eda00000)
  to   space 6656K, 0% used [0x00000000ef980000,0x00000000ef980000,0x00000000f0000000)
 ParOldGen       total 44032K, used 12628K [0x00000000c1c00000, 0x00000000c4700000, 0x00000000eb400000)
  object space 44032K, 28% used [0x00000000c1c00000,0x00000000c28551f8,0x00000000c4700000)
 Metaspace       used 20649K, capacity 21074K, committed 21248K, reserved 1069056K
  class space    used 2306K, capacity 2469K, committed 2560K, reserved 1048576K
}
Event: 3.878 GC heap before
{Heap before GC invocations=8 (full 1):
 PSYoungGen      total 38912K, used 3076K [0x00000000eb400000, 0x00000000f0000000, 0x0000000100000000)
  eden space 32256K, 0% used [0x00000000eb400000,0x00000000eb400000,0x00000000ed380000)
  from space 6656K, 46% used [0x00000000ed380000,0x00000000ed681168,0x00000000eda00000)
  to   space 6656K, 0% used [0x00000000ef980000,0x00000000ef980000,0x00000000f0000000)
 ParOldGen       total 44032K, used 12628K [0x00000000c1c00000, 0x00000000c4700000, 0x00000000eb400000)
  object space 44032K, 28% used [0x00000000c1c00000,0x00000000c28551f8,0x00000000c4700000)
 Metaspace       used 20649K, capacity 21074K, committed 21248K, reserved 1069056K
  class space    used 2306K, capacity 2469K, committed 2560K, reserved 1048576K
Event: 3.932 GC heap after
Heap after GC invocations=8 (full 1):
 PSYoungGen      total 38912K, used 0K [0x00000000eb400000, 0x00000000f0000000, 0x0000000100000000)
  eden space 32256K, 0% used [0x00000000eb400000,0x00000000eb400000,0x00000000ed380000)
  from space 6656K, 0% used [0x00000000ed380000,0x00000000ed380000,0x00000000eda00000)
  to   space 6656K, 0% used [0x00000000ef980000,0x00000000ef980000,0x00000000f0000000)
 ParOldGen       total 40448K, used 13452K [0x00000000c1c00000, 0x00000000c4380000, 0x00000000eb400000)
  object space 40448K, 33% used [0x00000000c1c00000,0x00000000c2923008,0x00000000c4380000)
 Metaspace       used 20649K, capacity 21074K, committed 21248K, reserved 1069056K
  class space    used 2306K, capacity 2469K, committed 2560K, reserved 1048576K
}
Event: 11.729 GC heap before
{Heap before GC invocations=9 (full 1):
 PSYoungGen      total 38912K, used 32256K [0x00000000eb400000, 0x00000000f0000000, 0x0000000100000000)
  eden space 32256K, 100% used [0x00000000eb400000,0x00000000ed380000,0x00000000ed380000)
  from space 6656K, 0% used [0x00000000ed380000,0x00000000ed380000,0x00000000eda00000)
  to   space 6656K, 0% used [0x00000000ef980000,0x00000000ef980000,0x00000000f0000000)
 ParOldGen       total 40448K, used 13452K [0x00000000c1c00000, 0x00000000c4380000, 0x00000000eb400000)
  object space 40448K, 33% used [0x00000000c1c00000,0x00000000c2923008,0x00000000c4380000)
 Metaspace       used 26443K, capacity 26914K, committed 27008K, reserved 1073152K
  class space    used 2779K, capacity 2920K, committed 2944K, reserved 1048576K
Event: 11.735 GC heap after
Heap after GC invocations=9 (full 1):
 PSYoungGen      total 55808K, used 6174K [0x00000000eb400000, 0x00000000f0000000, 0x0000000100000000)
  eden space 49152K, 0% used [0x00000000eb400000,0x00000000eb400000,0x00000000ee400000)
  from space 6656K, 92% used [0x00000000ef980000,0x00000000eff87a58,0x00000000f0000000)
  to   space 7168K, 0% used [0x00000000ef200000,0x00000000ef200000,0x00000000ef900000)
 ParOldGen       total 40448K, used 13460K [0x00000000c1c00000, 0x00000000c4380000, 0x00000000eb400000)
  object space 40448K, 33% used [0x00000000c1c00000,0x00000000c2925008,0x00000000c4380000)
 Metaspace       used 26443K, capacity 26914K, committed 27008K, reserved 1073152K
  class space    used 2779K, capacity 2920K, committed 2944K, reserved 1048576K
}
Event: 125.921 GC heap before
{Heap before GC invocations=10 (full 1):
 PSYoungGen      total 55808K, used 55326K [0x00000000eb400000, 0x00000000f0000000, 0x0000000100000000)
  eden space 49152K, 100% used [0x00000000eb400000,0x00000000ee400000,0x00000000ee400000)
  from space 6656K, 92% used [0x00000000ef980000,0x00000000eff87a58,0x00000000f0000000)
  to   space 7168K, 0% used [0x00000000ef200000,0x00000000ef200000,0x00000000ef900000)
 ParOldGen       total 40448K, used 13460K [0x00000000c1c00000, 0x00000000c4380000, 0x00000000eb400000)
  object space 40448K, 33% used [0x00000000c1c00000,0x00000000c2925008,0x00000000c4380000)
 Metaspace       used 30598K, capacity 31084K, committed 31232K, reserved 1077248K
  class space    used 3114K, capacity 3291K, committed 3328K, reserved 1048576K
Event: 125.986 GC heap after
Heap after GC invocations=10 (full 1):
 PSYoungGen      total 69120K, used 5676K [0x00000000eb400000, 0x00000000eff80000, 0x0000000100000000)
  eden space 62976K, 0% used [0x00000000eb400000,0x00000000eb400000,0x00000000ef180000)
  from space 6144K, 92% used [0x00000000ef200000,0x00000000ef78b330,0x00000000ef800000)
  to   space 7168K, 0% used [0x00000000ef880000,0x00000000ef880000,0x00000000eff80000)
 ParOldGen       total 40448K, used 13468K [0x00000000c1c00000, 0x00000000c4380000, 0x00000000eb400000)
  object space 40448K, 33% used [0x00000000c1c00000,0x00000000c2927008,0x00000000c4380000)
 Metaspace       used 30598K, capacity 31084K, committed 31232K, reserved 1077248K
  class space    used 3114K, capacity 3291K, committed 3328K, reserved 1048576K
}

