# JRE version: Java(TM) SE Runtime Environment (8.0_111-b14) (build 1.8.0_111-b14)
# Java VM: Java HotSpot(TM) 64-Bit Server VM (25.111-b14 mixed mode windows-amd64 compressed oops)
Heap:
 PSYoungGen      total 71168K, used 40997K [0x00000000eb400000, 0x00000000f0700000, 0x0000000100000000)
  eden space 64000K, 53% used [0x00000000eb400000,0x00000000ed57df90,0x00000000ef280000)
  from space 7168K, 93% used [0x00000000ef280000,0x00000000ef90b690,0x00000000ef980000)
  to   space 7680K, 0% used [0x00000000eff80000,0x00000000eff80000,0x00000000f0700000)
 ParOldGen       total 38912K, used 13259K [0x00000000c1c00000, 0x00000000c4200000, 0x00000000eb400000)
  object space 38912K, 34% used [0x00000000c1c00000,0x00000000c28f2c80,0x00000000c4200000)
 Metaspace       used 30523K, capacity 31024K, committed 31232K, reserved 1077248K
  class space    used 3111K, capacity 3291K, committed 3328K, reserved 1048576K
GC Heap History (10 events):
Event: 3.862 GC heap before
{Heap before GC invocations=6 (full 0):
 PSYoungGen      total 18944K, used 18930K [0x00000000eb400000, 0x00000000ee100000, 0x0000000100000000)
  eden space 16384K, 100% used [0x00000000eb400000,0x00000000ec400000,0x00000000ec400000)
  from space 2560K, 99% used [0x00000000ec400000,0x00000000ec67c840,0x00000000ec680000)
  to   space 6656K, 0% used [0x00000000eda80000,0x00000000eda80000,0x00000000ee100000)
 ParOldGen       total 44032K, used 10778K [0x00000000c1c00000, 0x00000000c4700000, 0x00000000eb400000)
  object space 44032K, 24% used [0x00000000c1c00000,0x00000000c2686878,0x00000000c4700000)
 Metaspace       used 19623K, capacity 20086K, committed 20352K, reserved 1067008K
  class space    used 2203K, capacity 2373K, committed 2432K, reserved 1048576K
Event: 3.870 GC heap after
Heap after GC invocations=6 (full 0):
 PSYoungGen      total 39424K, used 5415K [0x00000000eb400000, 0x00000000ee100000, 0x0000000100000000)
  eden space 32768K, 0% used [0x00000000eb400000,0x00000000eb400000,0x00000000ed400000)
  from space 6656K, 81% used [0x00000000eda80000,0x00000000edfc9c10,0x00000000ee100000)
  to   space 6656K, 0% used [0x00000000ed400000,0x00000000ed400000,0x00000000eda80000)
 ParOldGen       total 44032K, used 10778K [0x00000000c1c00000, 0x00000000c4700000, 0x00000000eb400000)
  object space 44032K, 24% used [0x00000000c1c00000,0x00000000c2686878,0x00000000c4700000)
 Metaspace       used 19623K, capacity 20086K, committed 20352K, reserved 1067008K
  class space    used 2203K, capacity 2373K, committed 2432K, reserved 1048576K
}
Event: 3.945 GC heap before
{Heap before GC invocations=7 (full 0):
 PSYoungGen      total 39424K, used 11103K [0x00000000eb400000, 0x00000000ee100000, 0x0000000100000000)
  eden space 32768K, 17% used [0x00000000eb400000,0x00000000eb98e128,0x00000000ed400000)
  from space 6656K, 81% used [0x00000000eda80000,0x00000000edfc9c10,0x00000000ee100000)
  to   space 6656K, 0% used [0x00000000ed400000,0x00000000ed400000,0x00000000eda80000)
 ParOldGen       total 44032K, used 10778K [0x00000000c1c00000, 0x00000000c4700000, 0x00000000eb400000)
  object space 44032K, 24% used [0x00000000c1c00000,0x00000000c2686878,0x00000000c4700000)
 Metaspace       used 20590K, capacity 21078K, committed 21248K, reserved 1069056K
  class space    used 2293K, capacity 2469K, committed 2560K, reserved 1048576K
Event: 3.951 GC heap after
Heap after GC invocations=7 (full 0):
 PSYoungGen      total 39424K, used 3473K [0x00000000eb400000, 0x00000000f0100000, 0x0000000100000000)
  eden space 32768K, 0% used [0x00000000eb400000,0x00000000eb400000,0x00000000ed400000)
  from space 6656K, 52% used [0x00000000ed400000,0x00000000ed7647f8,0x00000000eda80000)
  to   space 6656K, 0% used [0x00000000efa80000,0x00000000efa80000,0x00000000f0100000)
 ParOldGen       total 44032K, used 12102K [0x00000000c1c00000, 0x00000000c4700000, 0x00000000eb400000)
  object space 44032K, 27% used [0x00000000c1c00000,0x00000000c27d1918,0x00000000c4700000)
 Metaspace       used 20590K, capacity 21078K, committed 21248K, reserved 1069056K
  class space    used 2293K, capacity 2469K, committed 2560K, reserved 1048576K
}
Event: 3.951 GC heap before
{Heap before GC invocations=8 (full 1):
 PSYoungGen      total 39424K, used 3473K [0x00000000eb400000, 0x00000000f0100000, 0x0000000100000000)
  eden space 32768K, 0% used [0x00000000eb400000,0x00000000eb400000,0x00000000ed400000)
  from space 6656K, 52% used [0x00000000ed400000,0x00000000ed7647f8,0x00000000eda80000)
  to   space 6656K, 0% used [0x00000000efa80000,0x00000000efa80000,0x00000000f0100000)
 ParOldGen       total 44032K, used 12102K [0x00000000c1c00000, 0x00000000c4700000, 0x00000000eb400000)
  object space 44032K, 27% used [0x00000000c1c00000,0x00000000c27d1918,0x00000000c4700000)
 Metaspace       used 20590K, capacity 21078K, committed 21248K, reserved 1069056K
  class space    used 2293K, capacity 2469K, committed 2560K, reserved 1048576K
Event: 4.005 GC heap after
Heap after GC invocations=8 (full 1):
 PSYoungGen      total 39424K, used 0K [0x00000000eb400000, 0x00000000f0100000, 0x0000000100000000)
  eden space 32768K, 0% used [0x00000000eb400000,0x00000000eb400000,0x00000000ed400000)
  from space 6656K, 0% used [0x00000000ed400000,0x00000000ed400000,0x00000000eda80000)
  to   space 6656K, 0% used [0x00000000efa80000,0x00000000efa80000,0x00000000f0100000)
 ParOldGen       total 38912K, used 13243K [0x00000000c1c00000, 0x00000000c4200000, 0x00000000eb400000)
  object space 38912K, 34% used [0x00000000c1c00000,0x00000000c28eec80,0x00000000c4200000)
 Metaspace       used 20590K, capacity 21078K, committed 21248K, reserved 1069056K
  class space    used 2293K, capacity 2469K, committed 2560K, reserved 1048576K
}
Event: 11.626 GC heap before
{Heap before GC invocations=9 (full 1):
 PSYoungGen      total 39424K, used 32768K [0x00000000eb400000, 0x00000000f0100000, 0x0000000100000000)
  eden space 32768K, 100% used [0x00000000eb400000,0x00000000ed400000,0x00000000ed400000)
  from space 6656K, 0% used [0x00000000ed400000,0x00000000ed400000,0x00000000eda80000)
  to   space 6656K, 0% used [0x00000000efa80000,0x00000000efa80000,0x00000000f0100000)
 ParOldGen       total 38912K, used 13243K [0x00000000c1c00000, 0x00000000c4200000, 0x00000000eb400000)
  object space 38912K, 34% used [0x00000000c1c00000,0x00000000c28eec80,0x00000000c4200000)
 Metaspace       used 26440K, capacity 26950K, committed 27136K, reserved 1073152K
  class space    used 2777K, capacity 2952K, committed 3072K, reserved 1048576K
Event: 11.634 GC heap after
Heap after GC invocations=9 (full 1):
 PSYoungGen      total 58880K, used 6081K [0x00000000eb400000, 0x00000000f0080000, 0x0000000100000000)
  eden space 52736K, 0% used [0x00000000eb400000,0x00000000eb400000,0x00000000ee780000)
  from space 6144K, 98% used [0x00000000efa80000,0x00000000f0070488,0x00000000f0080000)
  to   space 7168K, 0% used [0x00000000ef280000,0x00000000ef280000,0x00000000ef980000)
 ParOldGen       total 38912K, used 13251K [0x00000000c1c00000, 0x00000000c4200000, 0x00000000eb400000)
  object space 38912K, 34% used [0x00000000c1c00000,0x00000000c28f0c80,0x00000000c4200000)
 Metaspace       used 26440K, capacity 26950K, committed 27136K, reserved 1073152K
  class space    used 2777K, capacity 2952K, committed 3072K, reserved 1048576K
}
Event: 285.323 GC heap before
{Heap before GC invocations=10 (full 1):
 PSYoungGen      total 58880K, used 58817K [0x00000000eb400000, 0x00000000f0080000, 0x0000000100000000)
  eden space 52736K, 100% used [0x00000000eb400000,0x00000000ee780000,0x00000000ee780000)
  from space 6144K, 98% used [0x00000000efa80000,0x00000000f0070488,0x00000000f0080000)
  to   space 7168K, 0% used [0x00000000ef280000,0x00000000ef280000,0x00000000ef980000)
 ParOldGen       total 38912K, used 13251K [0x00000000c1c00000, 0x00000000c4200000, 0x00000000eb400000)
  object space 38912K, 34% used [0x00000000c1c00000,0x00000000c28f0c80,0x00000000c4200000)
 Metaspace       used 30226K, capacity 30832K, committed 30976K, reserved 1077248K
  class space    used 3110K, capacity 3291K, committed 3328K, reserved 1048576K
Event: 285.356 GC heap after
Heap after GC invocations=10 (full 1):
 PSYoungGen      total 71168K, used 6701K [0x00000000eb400000, 0x00000000f0700000, 0x0000000100000000)
  eden space 64000K, 0% used [0x00000000eb400000,0x00000000eb400000,0x00000000ef280000)
  from space 7168K, 93% used [0x00000000ef280000,0x00000000ef90b690,0x00000000ef980000)
  to   space 7680K, 0% used [0x00000000eff80000,0x00000000eff80000,0x00000000f0700000)
 ParOldGen       total 38912K, used 13259K [0x00000000c1c00000, 0x00000000c4200000, 0x00000000eb400000)
  object space 38912K, 34% used [0x00000000c1c00000,0x00000000c28f2c80,0x00000000c4200000)
 Metaspace       used 30226K, capacity 30832K, committed 30976K, reserved 1077248K
  class space    used 3110K, capacity 3291K, committed 3328K, reserved 1048576K
}

