# JRE version: Java(TM) SE Runtime Environment (8.0_111-b14) (build 1.8.0_111-b14)
# Java VM: Java HotSpot(TM) 64-Bit Server VM (25.111-b14 mixed mode windows-amd64 compressed oops)
Heap:
 PSYoungGen      total 117760K, used 44517K [0x00000000eb400000, 0x00000000f2f00000, 0x0000000100000000)
  eden space 109568K, 38% used [0x00000000eb400000,0x00000000edd3fe40,0x00000000f1f00000)
  from space 8192K, 27% used [0x00000000f1f00000,0x00000000f2139828,0x00000000f2700000)
  to   space 7680K, 0% used [0x00000000f2780000,0x00000000f2780000,0x00000000f2f00000)
 ParOldGen       total 46592K, used 15476K [0x00000000c1c00000, 0x00000000c4980000, 0x00000000eb400000)
  object space 46592K, 33% used [0x00000000c1c00000,0x00000000c2b1d390,0x00000000c4980000)
 Metaspace       used 28671K, capacity 29126K, committed 29568K, reserved 1075200K
  class space    used 2906K, capacity 3082K, committed 3200K, reserved 1048576K
GC Heap History (10 events):
Event: 48.026 GC heap before
{Heap before GC invocations=12 (full 1):
 PSYoungGen      total 107520K, used 102529K [0x00000000eb400000, 0x00000000f2700000, 0x0000000100000000)
  eden space 100352K, 100% used [0x00000000eb400000,0x00000000f1600000,0x00000000f1600000)
  from space 7168K, 30% used [0x00000000f2000000,0x00000000f2220448,0x00000000f2700000)
  to   space 8704K, 0% used [0x00000000f1600000,0x00000000f1600000,0x00000000f1e80000)
 ParOldGen       total 46592K, used 15436K [0x00000000c1c00000, 0x00000000c4980000, 0x00000000eb400000)
  object space 46592K, 33% used [0x00000000c1c00000,0x00000000c2b13390,0x00000000c4980000)
 Metaspace       used 28593K, capacity 29062K, committed 29312K, reserved 1075200K
  class space    used 2905K, capacity 3082K, committed 3200K, reserved 1048576K
Event: 48.030 GC heap after
Heap after GC invocations=12 (full 1):
 PSYoungGen      total 109056K, used 2423K [0x00000000eb400000, 0x00000000f2700000, 0x0000000100000000)
  eden space 100352K, 0% used [0x00000000eb400000,0x00000000eb400000,0x00000000f1600000)
  from space 8704K, 27% used [0x00000000f1600000,0x00000000f185df68,0x00000000f1e80000)
  to   space 7168K, 0% used [0x00000000f2000000,0x00000000f2000000,0x00000000f2700000)
 ParOldGen       total 46592K, used 15444K [0x00000000c1c00000, 0x00000000c4980000, 0x00000000eb400000)
  object space 46592K, 33% used [0x00000000c1c00000,0x00000000c2b15390,0x00000000c4980000)
 Metaspace       used 28593K, capacity 29062K, committed 29312K, reserved 1075200K
  class space    used 2905K, capacity 3082K, committed 3200K, reserved 1048576K
}
Event: 49.948 GC heap before
{Heap before GC invocations=13 (full 1):
 PSYoungGen      total 109056K, used 102775K [0x00000000eb400000, 0x00000000f2700000, 0x0000000100000000)
  eden space 100352K, 100% used [0x00000000eb400000,0x00000000f1600000,0x00000000f1600000)
  from space 8704K, 27% used [0x00000000f1600000,0x00000000f185df68,0x00000000f1e80000)
  to   space 7168K, 0% used [0x00000000f2000000,0x00000000f2000000,0x00000000f2700000)
 ParOldGen       total 46592K, used 15444K [0x00000000c1c00000, 0x00000000c4980000, 0x00000000eb400000)
  object space 46592K, 33% used [0x00000000c1c00000,0x00000000c2b15390,0x00000000c4980000)
 Metaspace       used 28615K, capacity 29062K, committed 29312K, reserved 1075200K
  class space    used 2905K, capacity 3082K, committed 3200K, reserved 1048576K
Event: 49.951 GC heap after
Heap after GC invocations=13 (full 1):
 PSYoungGen      total 107520K, used 2423K [0x00000000eb400000, 0x00000000f2700000, 0x0000000100000000)
  eden space 100352K, 0% used [0x00000000eb400000,0x00000000eb400000,0x00000000f1600000)
  from space 7168K, 33% used [0x00000000f2000000,0x00000000f225df88,0x00000000f2700000)
  to   space 8704K, 0% used [0x00000000f1600000,0x00000000f1600000,0x00000000f1e80000)
 ParOldGen       total 46592K, used 15452K [0x00000000c1c00000, 0x00000000c4980000, 0x00000000eb400000)
  object space 46592K, 33% used [0x00000000c1c00000,0x00000000c2b17390,0x00000000c4980000)
 Metaspace       used 28615K, capacity 29062K, committed 29312K, reserved 1075200K
  class space    used 2905K, capacity 3082K, committed 3200K, reserved 1048576K
}
Event: 52.336 GC heap before
{Heap before GC invocations=14 (full 1):
 PSYoungGen      total 107520K, used 102775K [0x00000000eb400000, 0x00000000f2700000, 0x0000000100000000)
  eden space 100352K, 100% used [0x00000000eb400000,0x00000000f1600000,0x00000000f1600000)
  from space 7168K, 33% used [0x00000000f2000000,0x00000000f225df88,0x00000000f2700000)
  to   space 8704K, 0% used [0x00000000f1600000,0x00000000f1600000,0x00000000f1e80000)
 ParOldGen       total 46592K, used 15452K [0x00000000c1c00000, 0x00000000c4980000, 0x00000000eb400000)
  object space 46592K, 33% used [0x00000000c1c00000,0x00000000c2b17390,0x00000000c4980000)
 Metaspace       used 28626K, capacity 29062K, committed 29312K, reserved 1075200K
  class space    used 2905K, capacity 3082K, committed 3200K, reserved 1048576K
Event: 52.339 GC heap after
Heap after GC invocations=14 (full 1):
 PSYoungGen      total 109056K, used 2439K [0x00000000eb400000, 0x00000000f2f80000, 0x0000000100000000)
  eden space 100352K, 0% used [0x00000000eb400000,0x00000000eb400000,0x00000000f1600000)
  from space 8704K, 28% used [0x00000000f1600000,0x00000000f1861f78,0x00000000f1e80000)
  to   space 8192K, 0% used [0x00000000f2780000,0x00000000f2780000,0x00000000f2f80000)
 ParOldGen       total 46592K, used 15460K [0x00000000c1c00000, 0x00000000c4980000, 0x00000000eb400000)
  object space 46592K, 33% used [0x00000000c1c00000,0x00000000c2b19390,0x00000000c4980000)
 Metaspace       used 28626K, capacity 29062K, committed 29312K, reserved 1075200K
  class space    used 2905K, capacity 3082K, committed 3200K, reserved 1048576K
}
Event: 54.120 GC heap before
{Heap before GC invocations=15 (full 1):
 PSYoungGen      total 109056K, used 102718K [0x00000000eb400000, 0x00000000f2f80000, 0x0000000100000000)
  eden space 100352K, 99% used [0x00000000eb400000,0x00000000f15edc28,0x00000000f1600000)
  from space 8704K, 28% used [0x00000000f1600000,0x00000000f1861f78,0x00000000f1e80000)
  to   space 8192K, 0% used [0x00000000f2780000,0x00000000f2780000,0x00000000f2f80000)
 ParOldGen       total 46592K, used 15460K [0x00000000c1c00000, 0x00000000c4980000, 0x00000000eb400000)
  object space 46592K, 33% used [0x00000000c1c00000,0x00000000c2b19390,0x00000000c4980000)
 Metaspace       used 28662K, capacity 29126K, committed 29568K, reserved 1075200K
  class space    used 2905K, capacity 3082K, committed 3200K, reserved 1048576K
Event: 54.124 GC heap after
Heap after GC invocations=15 (full 1):
 PSYoungGen      total 117248K, used 2101K [0x00000000eb400000, 0x00000000f2f00000, 0x0000000100000000)
  eden space 109568K, 0% used [0x00000000eb400000,0x00000000eb400000,0x00000000f1f00000)
  from space 7680K, 27% used [0x00000000f2780000,0x00000000f298d698,0x00000000f2f00000)
  to   space 8192K, 0% used [0x00000000f1f00000,0x00000000f1f00000,0x00000000f2700000)
 ParOldGen       total 46592K, used 15468K [0x00000000c1c00000, 0x00000000c4980000, 0x00000000eb400000)
  object space 46592K, 33% used [0x00000000c1c00000,0x00000000c2b1b390,0x00000000c4980000)
 Metaspace       used 28662K, capacity 29126K, committed 29568K, reserved 1075200K
  class space    used 2905K, capacity 3082K, committed 3200K, reserved 1048576K
}
Event: 56.222 GC heap before
{Heap before GC invocations=16 (full 1):
 PSYoungGen      total 117248K, used 111669K [0x00000000eb400000, 0x00000000f2f00000, 0x0000000100000000)
  eden space 109568K, 100% used [0x00000000eb400000,0x00000000f1f00000,0x00000000f1f00000)
  from space 7680K, 27% used [0x00000000f2780000,0x00000000f298d698,0x00000000f2f00000)
  to   space 8192K, 0% used [0x00000000f1f00000,0x00000000f1f00000,0x00000000f2700000)
 ParOldGen       total 46592K, used 15468K [0x00000000c1c00000, 0x00000000c4980000, 0x00000000eb400000)
  object space 46592K, 33% used [0x00000000c1c00000,0x00000000c2b1b390,0x00000000c4980000)
 Metaspace       used 28667K, capacity 29126K, committed 29568K, reserved 1075200K
  class space    used 2906K, capacity 3082K, committed 3200K, reserved 1048576K
Event: 56.225 GC heap after
Heap after GC invocations=16 (full 1):
 PSYoungGen      total 117760K, used 2278K [0x00000000eb400000, 0x00000000f2f00000, 0x0000000100000000)
  eden space 109568K, 0% used [0x00000000eb400000,0x00000000eb400000,0x00000000f1f00000)
  from space 8192K, 27% used [0x00000000f1f00000,0x00000000f2139828,0x00000000f2700000)
  to   space 7680K, 0% used [0x00000000f2780000,0x00000000f2780000,0x00000000f2f00000)
 ParOldGen       total 46592K, used 15476K [0x00000000c1c00000, 0x00000000c4980000, 0x00000000eb400000)
  object space 46592K, 33% used [0x00000000c1c00000,0x00000000c2b1d390,0x00000000c4980000)
 Metaspace       used 28667K, capacity 29126K, committed 29568K, reserved 1075200K
  class space    used 2906K, capacity 3082K, committed 3200K, reserved 1048576K
}

