# JRE version: Java(TM) SE Runtime Environment (8.0_111-b14) (build 1.8.0_111-b14)
# Java VM: Java HotSpot(TM) 64-Bit Server VM (25.111-b14 mixed mode windows-amd64 compressed oops)
Heap:
 PSYoungGen      total 317952K, used 38434K [0x00000000eb400000, 0x0000000100000000, 0x0000000100000000)
  eden space 296960K, 8% used [0x00000000eb400000,0x00000000ecd90b98,0x00000000fd600000)
  from space 20992K, 58% used [0x00000000feb80000,0x00000000ff778010,0x0000000100000000)
  to   space 21504K, 0% used [0x00000000fd600000,0x00000000fd600000,0x00000000feb00000)
 ParOldGen       total 480256K, used 285845K [0x00000000c1c00000, 0x00000000df100000, 0x00000000eb400000)
  object space 480256K, 59% used [0x00000000c1c00000,0x00000000d3325550,0x00000000df100000)
 Metaspace       used 32606K, capacity 33352K, committed 33664K, reserved 1079296K
  class space    used 3194K, capacity 3363K, committed 3456K, reserved 1048576K
GC Heap History (10 events):
Event: 400.011 GC heap before
{Heap before GC invocations=17 (full 5):
 PSYoungGen      total 257536K, used 32K [0x00000000eb400000, 0x00000000fd100000, 0x0000000100000000)
  eden space 250880K, 0% used [0x00000000eb400000,0x00000000eb400000,0x00000000fa900000)
  from space 6656K, 0% used [0x00000000fca80000,0x00000000fca88000,0x00000000fd100000)
  to   space 20480K, 0% used [0x00000000fa900000,0x00000000fa900000,0x00000000fbd00000)
 ParOldGen       total 477184K, used 431089K [0x00000000c1c00000, 0x00000000dee00000, 0x00000000eb400000)
  object space 477184K, 90% used [0x00000000c1c00000,0x00000000dc0fc4d0,0x00000000dee00000)
 Metaspace       used 31916K, capacity 32520K, committed 32896K, reserved 1079296K
  class space    used 3189K, capacity 3363K, committed 3456K, reserved 1048576K
Event: 400.085 GC heap after
Heap after GC invocations=17 (full 5):
 PSYoungGen      total 257536K, used 0K [0x00000000eb400000, 0x00000000fd100000, 0x0000000100000000)
  eden space 250880K, 0% used [0x00000000eb400000,0x00000000eb400000,0x00000000fa900000)
  from space 6656K, 0% used [0x00000000fca80000,0x00000000fca80000,0x00000000fd100000)
  to   space 20480K, 0% used [0x00000000fa900000,0x00000000fa900000,0x00000000fbd00000)
 ParOldGen       total 480256K, used 285829K [0x00000000c1c00000, 0x00000000df100000, 0x00000000eb400000)
  object space 480256K, 59% used [0x00000000c1c00000,0x00000000d3321550,0x00000000df100000)
 Metaspace       used 31916K, capacity 32520K, committed 32896K, reserved 1079296K
  class space    used 3189K, capacity 3363K, committed 3456K, reserved 1048576K
}
Event: 400.471 GC heap before
{Heap before GC invocations=18 (full 5):
 PSYoungGen      total 257536K, used 250880K [0x00000000eb400000, 0x00000000fd100000, 0x0000000100000000)
  eden space 250880K, 100% used [0x00000000eb400000,0x00000000fa900000,0x00000000fa900000)
  from space 6656K, 0% used [0x00000000fca80000,0x00000000fca80000,0x00000000fd100000)
  to   space 20480K, 0% used [0x00000000fa900000,0x00000000fa900000,0x00000000fbd00000)
 ParOldGen       total 480256K, used 285829K [0x00000000c1c00000, 0x00000000df100000, 0x00000000eb400000)
  object space 480256K, 59% used [0x00000000c1c00000,0x00000000d3321550,0x00000000df100000)
 Metaspace       used 31916K, capacity 32520K, committed 32896K, reserved 1079296K
  class space    used 3189K, capacity 3363K, committed 3456K, reserved 1048576K
Event: 400.473 GC heap after
Heap after GC invocations=18 (full 5):
 PSYoungGen      total 271360K, used 0K [0x00000000eb400000, 0x0000000100000000, 0x0000000100000000)
  eden space 250880K, 0% used [0x00000000eb400000,0x00000000eb400000,0x00000000fa900000)
  from space 20480K, 0% used [0x00000000fa900000,0x00000000fa900000,0x00000000fbd00000)
  to   space 20992K, 0% used [0x00000000feb80000,0x00000000feb80000,0x0000000100000000)
 ParOldGen       total 480256K, used 285829K [0x00000000c1c00000, 0x00000000df100000, 0x00000000eb400000)
  object space 480256K, 59% used [0x00000000c1c00000,0x00000000d3321550,0x00000000df100000)
 Metaspace       used 31916K, capacity 32520K, committed 32896K, reserved 1079296K
  class space    used 3189K, capacity 3363K, committed 3456K, reserved 1048576K
}
Event: 400.801 GC heap before
{Heap before GC invocations=19 (full 5):
 PSYoungGen      total 271360K, used 250880K [0x00000000eb400000, 0x0000000100000000, 0x0000000100000000)
  eden space 250880K, 100% used [0x00000000eb400000,0x00000000fa900000,0x00000000fa900000)
  from space 20480K, 0% used [0x00000000fa900000,0x00000000fa900000,0x00000000fbd00000)
  to   space 20992K, 0% used [0x00000000feb80000,0x00000000feb80000,0x0000000100000000)
 ParOldGen       total 480256K, used 285829K [0x00000000c1c00000, 0x00000000df100000, 0x00000000eb400000)
  object space 480256K, 59% used [0x00000000c1c00000,0x00000000d3321550,0x00000000df100000)
 Metaspace       used 31916K, capacity 32520K, committed 32896K, reserved 1079296K
  class space    used 3189K, capacity 3363K, committed 3456K, reserved 1048576K
Event: 400.803 GC heap after
Heap after GC invocations=19 (full 5):
 PSYoungGen      total 305664K, used 32K [0x00000000eb400000, 0x00000000ff900000, 0x0000000100000000)
  eden space 291840K, 0% used [0x00000000eb400000,0x00000000eb400000,0x00000000fd100000)
  from space 13824K, 0% used [0x00000000feb80000,0x00000000feb88000,0x00000000ff900000)
  to   space 20480K, 0% used [0x00000000fd100000,0x00000000fd100000,0x00000000fe500000)
 ParOldGen       total 480256K, used 285829K [0x00000000c1c00000, 0x00000000df100000, 0x00000000eb400000)
  object space 480256K, 59% used [0x00000000c1c00000,0x00000000d3321550,0x00000000df100000)
 Metaspace       used 31916K, capacity 32520K, committed 32896K, reserved 1079296K
  class space    used 3189K, capacity 3363K, committed 3456K, reserved 1048576K
}
Event: 489.298 GC heap before
{Heap before GC invocations=20 (full 5):
 PSYoungGen      total 305664K, used 291872K [0x00000000eb400000, 0x00000000ff900000, 0x0000000100000000)
  eden space 291840K, 100% used [0x00000000eb400000,0x00000000fd100000,0x00000000fd100000)
  from space 13824K, 0% used [0x00000000feb80000,0x00000000feb88000,0x00000000ff900000)
  to   space 20480K, 0% used [0x00000000fd100000,0x00000000fd100000,0x00000000fe500000)
 ParOldGen       total 480256K, used 285829K [0x00000000c1c00000, 0x00000000df100000, 0x00000000eb400000)
  object space 480256K, 59% used [0x00000000c1c00000,0x00000000d3321550,0x00000000df100000)
 Metaspace       used 32206K, capacity 32904K, committed 33152K, reserved 1079296K
  class space    used 3192K, capacity 3363K, committed 3456K, reserved 1048576K
Event: 489.327 GC heap after
Heap after GC invocations=20 (full 5):
 PSYoungGen      total 312320K, used 11074K [0x00000000eb400000, 0x0000000100000000, 0x0000000100000000)
  eden space 291840K, 0% used [0x00000000eb400000,0x00000000eb400000,0x00000000fd100000)
  from space 20480K, 54% used [0x00000000fd100000,0x00000000fdbd0b48,0x00000000fe500000)
  to   space 20992K, 0% used [0x00000000feb80000,0x00000000feb80000,0x0000000100000000)
 ParOldGen       total 480256K, used 285837K [0x00000000c1c00000, 0x00000000df100000, 0x00000000eb400000)
  object space 480256K, 59% used [0x00000000c1c00000,0x00000000d3323550,0x00000000df100000)
 Metaspace       used 32206K, capacity 32904K, committed 33152K, reserved 1079296K
  class space    used 3192K, capacity 3363K, committed 3456K, reserved 1048576K
}
Event: 502.016 GC heap before
{Heap before GC invocations=21 (full 5):
 PSYoungGen      total 312320K, used 302914K [0x00000000eb400000, 0x0000000100000000, 0x0000000100000000)
  eden space 291840K, 100% used [0x00000000eb400000,0x00000000fd100000,0x00000000fd100000)
  from space 20480K, 54% used [0x00000000fd100000,0x00000000fdbd0b48,0x00000000fe500000)
  to   space 20992K, 0% used [0x00000000feb80000,0x00000000feb80000,0x0000000100000000)
 ParOldGen       total 480256K, used 285837K [0x00000000c1c00000, 0x00000000df100000, 0x00000000eb400000)
  object space 480256K, 59% used [0x00000000c1c00000,0x00000000d3323550,0x00000000df100000)
 Metaspace       used 32604K, capacity 33352K, committed 33664K, reserved 1079296K
  class space    used 3194K, capacity 3363K, committed 3456K, reserved 1048576K
Event: 502.047 GC heap after
Heap after GC invocations=21 (full 5):
 PSYoungGen      total 317952K, used 12256K [0x00000000eb400000, 0x0000000100000000, 0x0000000100000000)
  eden space 296960K, 0% used [0x00000000eb400000,0x00000000eb400000,0x00000000fd600000)
  from space 20992K, 58% used [0x00000000feb80000,0x00000000ff778010,0x0000000100000000)
  to   space 21504K, 0% used [0x00000000fd600000,0x00000000fd600000,0x00000000feb00000)
 ParOldGen       total 480256K, used 285845K [0x00000000c1c00000, 0x00000000df100000, 0x00000000eb400000)
  object space 480256K, 59% used [0x00000000c1c00000,0x00000000d3325550,0x00000000df100000)
 Metaspace       used 32604K, capacity 33352K, committed 33664K, reserved 1079296K
  class space    used 3194K, capacity 3363K, committed 3456K, reserved 1048576K
}

