# JRE version: Java(TM) SE Runtime Environment (8.0_111-b14) (build 1.8.0_111-b14)
# Java VM: Java HotSpot(TM) 64-Bit Server VM (25.111-b14 mixed mode windows-amd64 compressed oops)
Heap:
 PSYoungGen      total 73216K, used 71668K [0x00000000eb400000, 0x00000000f2a00000, 0x0000000100000000)
  eden space 65024K, 97% used [0x00000000eb400000,0x00000000ef1feea0,0x00000000ef380000)
  from space 8192K, 99% used [0x00000000ef380000,0x00000000efb7e298,0x00000000efb80000)
  to   space 9728K, 0% used [0x00000000f2080000,0x00000000f2080000,0x00000000f2a00000)
 ParOldGen       total 43520K, used 17446K [0x00000000c1c00000, 0x00000000c4680000, 0x00000000eb400000)
  object space 43520K, 40% used [0x00000000c1c00000,0x00000000c2d09890,0x00000000c4680000)
 Metaspace       used 30493K, capacity 31020K, committed 31232K, reserved 1077248K
  class space    used 3113K, capacity 3291K, committed 3328K, reserved 1048576K
GC Heap History (10 events):
Event: 1.866 GC heap before
{Heap before GC invocations=4 (full 0):
 PSYoungGen      total 18944K, used 18930K [0x00000000eb400000, 0x00000000ed900000, 0x0000000100000000)
  eden space 16384K, 100% used [0x00000000eb400000,0x00000000ec400000,0x00000000ec400000)
  from space 2560K, 99% used [0x00000000ec400000,0x00000000ec67c860,0x00000000ec680000)
  to   space 2560K, 0% used [0x00000000ed680000,0x00000000ed680000,0x00000000ed900000)
 ParOldGen       total 44032K, used 7963K [0x00000000c1c00000, 0x00000000c4700000, 0x00000000eb400000)
  object space 44032K, 18% used [0x00000000c1c00000,0x00000000c23c6cd0,0x00000000c4700000)
 Metaspace       used 18217K, capacity 18702K, committed 18944K, reserved 1067008K
  class space    used 2075K, capacity 2235K, committed 2304K, reserved 1048576K
Event: 1.873 GC heap after
Heap after GC invocations=4 (full 0):
 PSYoungGen      total 35328K, used 2552K [0x00000000eb400000, 0x00000000ed900000, 0x0000000100000000)
  eden space 32768K, 0% used [0x00000000eb400000,0x00000000eb400000,0x00000000ed400000)
  from space 2560K, 99% used [0x00000000ed680000,0x00000000ed8fe030,0x00000000ed900000)
  to   space 2560K, 0% used [0x00000000ed400000,0x00000000ed400000,0x00000000ed680000)
 ParOldGen       total 44032K, used 10788K [0x00000000c1c00000, 0x00000000c4700000, 0x00000000eb400000)
  object space 44032K, 24% used [0x00000000c1c00000,0x00000000c26891e8,0x00000000c4700000)
 Metaspace       used 18217K, capacity 18702K, committed 18944K, reserved 1067008K
  class space    used 2075K, capacity 2235K, committed 2304K, reserved 1048576K
}
Event: 2.538 GC heap before
{Heap before GC invocations=5 (full 0):
 PSYoungGen      total 35328K, used 35319K [0x00000000eb400000, 0x00000000ed900000, 0x0000000100000000)
  eden space 32768K, 99% used [0x00000000eb400000,0x00000000ed3ffd38,0x00000000ed400000)
  from space 2560K, 99% used [0x00000000ed680000,0x00000000ed8fe030,0x00000000ed900000)
  to   space 2560K, 0% used [0x00000000ed400000,0x00000000ed400000,0x00000000ed680000)
 ParOldGen       total 44032K, used 10788K [0x00000000c1c00000, 0x00000000c4700000, 0x00000000eb400000)
  object space 44032K, 24% used [0x00000000c1c00000,0x00000000c26891e8,0x00000000c4700000)
 Metaspace       used 20310K, capacity 20786K, committed 21248K, reserved 1069056K
  class space    used 2273K, capacity 2437K, committed 2560K, reserved 1048576K
Event: 2.547 GC heap after
Heap after GC invocations=5 (full 0):
 PSYoungGen      total 35328K, used 2552K [0x00000000eb400000, 0x00000000f0300000, 0x0000000100000000)
  eden space 32768K, 0% used [0x00000000eb400000,0x00000000eb400000,0x00000000ed400000)
  from space 2560K, 99% used [0x00000000ed400000,0x00000000ed67e030,0x00000000ed680000)
  to   space 7680K, 0% used [0x00000000efb80000,0x00000000efb80000,0x00000000f0300000)
 ParOldGen       total 44032K, used 15411K [0x00000000c1c00000, 0x00000000c4700000, 0x00000000eb400000)
  object space 44032K, 35% used [0x00000000c1c00000,0x00000000c2b0cec8,0x00000000c4700000)
 Metaspace       used 20310K, capacity 20786K, committed 21248K, reserved 1069056K
  class space    used 2273K, capacity 2437K, committed 2560K, reserved 1048576K
}
Event: 2.582 GC heap before
{Heap before GC invocations=6 (full 0):
 PSYoungGen      total 35328K, used 4522K [0x00000000eb400000, 0x00000000f0300000, 0x0000000100000000)
  eden space 32768K, 6% used [0x00000000eb400000,0x00000000eb5ec8a8,0x00000000ed400000)
  from space 2560K, 99% used [0x00000000ed400000,0x00000000ed67e030,0x00000000ed680000)
  to   space 7680K, 0% used [0x00000000efb80000,0x00000000efb80000,0x00000000f0300000)
 ParOldGen       total 44032K, used 15411K [0x00000000c1c00000, 0x00000000c4700000, 0x00000000eb400000)
  object space 44032K, 35% used [0x00000000c1c00000,0x00000000c2b0cec8,0x00000000c4700000)
 Metaspace       used 20583K, capacity 21010K, committed 21248K, reserved 1069056K
  class space    used 2304K, capacity 2469K, committed 2560K, reserved 1048576K
Event: 2.588 GC heap after
Heap after GC invocations=6 (full 0):
 PSYoungGen      total 72704K, used 2904K [0x00000000eb400000, 0x00000000f0400000, 0x0000000100000000)
  eden space 65024K, 0% used [0x00000000eb400000,0x00000000eb400000,0x00000000ef380000)
  from space 7680K, 37% used [0x00000000efb80000,0x00000000efe56030,0x00000000f0300000)
  to   space 8192K, 0% used [0x00000000ef380000,0x00000000ef380000,0x00000000efb80000)
 ParOldGen       total 44032K, used 15411K [0x00000000c1c00000, 0x00000000c4700000, 0x00000000eb400000)
  object space 44032K, 35% used [0x00000000c1c00000,0x00000000c2b0cec8,0x00000000c4700000)
 Metaspace       used 20583K, capacity 21010K, committed 21248K, reserved 1069056K
  class space    used 2304K, capacity 2469K, committed 2560K, reserved 1048576K
}
Event: 2.588 GC heap before
{Heap before GC invocations=7 (full 1):
 PSYoungGen      total 72704K, used 2904K [0x00000000eb400000, 0x00000000f0400000, 0x0000000100000000)
  eden space 65024K, 0% used [0x00000000eb400000,0x00000000eb400000,0x00000000ef380000)
  from space 7680K, 37% used [0x00000000efb80000,0x00000000efe56030,0x00000000f0300000)
  to   space 8192K, 0% used [0x00000000ef380000,0x00000000ef380000,0x00000000efb80000)
 ParOldGen       total 44032K, used 15411K [0x00000000c1c00000, 0x00000000c4700000, 0x00000000eb400000)
  object space 44032K, 35% used [0x00000000c1c00000,0x00000000c2b0cec8,0x00000000c4700000)
 Metaspace       used 20583K, capacity 21010K, committed 21248K, reserved 1069056K
  class space    used 2304K, capacity 2469K, committed 2560K, reserved 1048576K
Event: 2.660 GC heap after
Heap after GC invocations=7 (full 1):
 PSYoungGen      total 72704K, used 0K [0x00000000eb400000, 0x00000000f0400000, 0x0000000100000000)
  eden space 65024K, 0% used [0x00000000eb400000,0x00000000eb400000,0x00000000ef380000)
  from space 7680K, 0% used [0x00000000efb80000,0x00000000efb80000,0x00000000f0300000)
  to   space 8192K, 0% used [0x00000000ef380000,0x00000000ef380000,0x00000000efb80000)
 ParOldGen       total 43520K, used 15959K [0x00000000c1c00000, 0x00000000c4680000, 0x00000000eb400000)
  object space 43520K, 36% used [0x00000000c1c00000,0x00000000c2b95e68,0x00000000c4680000)
 Metaspace       used 20583K, capacity 21010K, committed 21248K, reserved 1069056K
  class space    used 2304K, capacity 2469K, committed 2560K, reserved 1048576K
}
Event: 9.338 GC heap before
{Heap before GC invocations=8 (full 1):
 PSYoungGen      total 72704K, used 65024K [0x00000000eb400000, 0x00000000f0400000, 0x0000000100000000)
  eden space 65024K, 100% used [0x00000000eb400000,0x00000000ef380000,0x00000000ef380000)
  from space 7680K, 0% used [0x00000000efb80000,0x00000000efb80000,0x00000000f0300000)
  to   space 8192K, 0% used [0x00000000ef380000,0x00000000ef380000,0x00000000efb80000)
 ParOldGen       total 43520K, used 15959K [0x00000000c1c00000, 0x00000000c4680000, 0x00000000eb400000)
  object space 43520K, 36% used [0x00000000c1c00000,0x00000000c2b95e68,0x00000000c4680000)
 Metaspace       used 30028K, capacity 30540K, committed 30976K, reserved 1077248K
  class space    used 3100K, capacity 3259K, committed 3328K, reserved 1048576K
Event: 9.367 GC heap after
Heap after GC invocations=8 (full 1):
 PSYoungGen      total 73216K, used 8184K [0x00000000eb400000, 0x00000000f2a00000, 0x0000000100000000)
  eden space 65024K, 0% used [0x00000000eb400000,0x00000000eb400000,0x00000000ef380000)
  from space 8192K, 99% used [0x00000000ef380000,0x00000000efb7e298,0x00000000efb80000)
  to   space 9728K, 0% used [0x00000000f2080000,0x00000000f2080000,0x00000000f2a00000)
 ParOldGen       total 43520K, used 17446K [0x00000000c1c00000, 0x00000000c4680000, 0x00000000eb400000)
  object space 43520K, 40% used [0x00000000c1c00000,0x00000000c2d09890,0x00000000c4680000)
 Metaspace       used 30028K, capacity 30540K, committed 30976K, reserved 1077248K
  class space    used 3100K, capacity 3259K, committed 3328K, reserved 1048576K
}

