# JRE version: Java(TM) SE Runtime Environment (8.0_111-b14) (build 1.8.0_111-b14)
# Java VM: Java HotSpot(TM) 64-Bit Server VM (25.111-b14 mixed mode windows-amd64 compressed oops)
Heap:
 PSYoungGen      total 74240K, used 65601K [0x00000000eb400000, 0x00000000f0f00000, 0x0000000100000000)
  eden space 63488K, 86% used [0x00000000eb400000,0x00000000ee996de8,0x00000000ef200000)
  from space 10752K, 99% used [0x00000000ef500000,0x00000000eff797e8,0x00000000eff80000)
  to   space 14848K, 0% used [0x00000000f0080000,0x00000000f0080000,0x00000000f0f00000)
 ParOldGen       total 35328K, used 25725K [0x00000000c1c00000, 0x00000000c3e80000, 0x00000000eb400000)
  object space 35328K, 72% used [0x00000000c1c00000,0x00000000c351f568,0x00000000c3e80000)
 Metaspace       used 32411K, capacity 33134K, committed 33408K, reserved 1079296K
  class space    used 3169K, capacity 3367K, committed 3456K, reserved 1048576K
GC Heap History (10 events):
Event: 43.614 GC heap before
{Heap before GC invocations=10 (full 1):
 PSYoungGen      total 56320K, used 56224K [0x00000000eb400000, 0x00000000efc80000, 0x0000000100000000)
  eden space 51200K, 100% used [0x00000000eb400000,0x00000000ee600000,0x00000000ee600000)
  from space 5120K, 98% used [0x00000000ef780000,0x00000000efc681f8,0x00000000efc80000)
  to   space 7680K, 0% used [0x00000000eed80000,0x00000000eed80000,0x00000000ef500000)
 ParOldGen       total 35328K, used 9091K [0x00000000c1c00000, 0x00000000c3e80000, 0x00000000eb400000)
  object space 35328K, 25% used [0x00000000c1c00000,0x00000000c24e0e60,0x00000000c3e80000)
 Metaspace       used 29479K, capacity 29948K, committed 30208K, reserved 1077248K
  class space    used 3018K, capacity 3213K, committed 3328K, reserved 1048576K
Event: 43.628 GC heap after
Heap after GC invocations=10 (full 1):
 PSYoungGen      total 66560K, used 7679K [0x00000000eb400000, 0x00000000f0900000, 0x0000000100000000)
  eden space 58880K, 0% used [0x00000000eb400000,0x00000000eb400000,0x00000000eed80000)
  from space 7680K, 99% used [0x00000000eed80000,0x00000000ef4ffc80,0x00000000ef500000)
  to   space 8704K, 0% used [0x00000000f0080000,0x00000000f0080000,0x00000000f0900000)
 ParOldGen       total 35328K, used 9436K [0x00000000c1c00000, 0x00000000c3e80000, 0x00000000eb400000)
  object space 35328K, 26% used [0x00000000c1c00000,0x00000000c25371b8,0x00000000c3e80000)
 Metaspace       used 29479K, capacity 29948K, committed 30208K, reserved 1077248K
  class space    used 3018K, capacity 3213K, committed 3328K, reserved 1048576K
}
Event: 297.793 GC heap before
{Heap before GC invocations=11 (full 1):
 PSYoungGen      total 66560K, used 65205K [0x00000000eb400000, 0x00000000f0900000, 0x0000000100000000)
  eden space 58880K, 97% used [0x00000000eb400000,0x00000000eec2db40,0x00000000eed80000)
  from space 7680K, 99% used [0x00000000eed80000,0x00000000ef4ffc80,0x00000000ef500000)
  to   space 8704K, 0% used [0x00000000f0080000,0x00000000f0080000,0x00000000f0900000)
 ParOldGen       total 35328K, used 9436K [0x00000000c1c00000, 0x00000000c3e80000, 0x00000000eb400000)
  object space 35328K, 26% used [0x00000000c1c00000,0x00000000c25371b8,0x00000000c3e80000)
 Metaspace       used 31621K, capacity 32360K, committed 32640K, reserved 1079296K
  class space    used 3166K, capacity 3365K, committed 3456K, reserved 1048576K
Event: 297.845 GC heap after
Heap after GC invocations=11 (full 1):
 PSYoungGen      total 78848K, used 5245K [0x00000000eb400000, 0x00000000f0f80000, 0x0000000100000000)
  eden space 70144K, 0% used [0x00000000eb400000,0x00000000eb400000,0x00000000ef880000)
  from space 8704K, 60% used [0x00000000f0080000,0x00000000f059f478,0x00000000f0900000)
  to   space 8192K, 0% used [0x00000000ef880000,0x00000000ef880000,0x00000000f0080000)
 ParOldGen       total 35328K, used 10246K [0x00000000c1c00000, 0x00000000c3e80000, 0x00000000eb400000)
  object space 35328K, 29% used [0x00000000c1c00000,0x00000000c2601a50,0x00000000c3e80000)
 Metaspace       used 31621K, capacity 32360K, committed 32640K, reserved 1079296K
  class space    used 3166K, capacity 3365K, committed 3456K, reserved 1048576K
}
Event: 436.929 GC heap before
{Heap before GC invocations=12 (full 1):
 PSYoungGen      total 78848K, used 75389K [0x00000000eb400000, 0x00000000f0f80000, 0x0000000100000000)
  eden space 70144K, 100% used [0x00000000eb400000,0x00000000ef880000,0x00000000ef880000)
  from space 8704K, 60% used [0x00000000f0080000,0x00000000f059f478,0x00000000f0900000)
  to   space 8192K, 0% used [0x00000000ef880000,0x00000000ef880000,0x00000000f0080000)
 ParOldGen       total 35328K, used 10246K [0x00000000c1c00000, 0x00000000c3e80000, 0x00000000eb400000)
  object space 35328K, 29% used [0x00000000c1c00000,0x00000000c2601a50,0x00000000c3e80000)
 Metaspace       used 31894K, capacity 32552K, committed 32896K, reserved 1079296K
  class space    used 3168K, capacity 3365K, committed 3456K, reserved 1048576K
Event: 436.952 GC heap after
Heap after GC invocations=12 (full 1):
 PSYoungGen      total 75776K, used 8190K [0x00000000eb400000, 0x00000000f0a00000, 0x0000000100000000)
  eden space 67584K, 0% used [0x00000000eb400000,0x00000000eb400000,0x00000000ef600000)
  from space 8192K, 99% used [0x00000000ef880000,0x00000000f007fbe0,0x00000000f0080000)
  to   space 9728K, 0% used [0x00000000f0080000,0x00000000f0080000,0x00000000f0a00000)
 ParOldGen       total 35328K, used 12481K [0x00000000c1c00000, 0x00000000c3e80000, 0x00000000eb400000)
  object space 35328K, 35% used [0x00000000c1c00000,0x00000000c2830518,0x00000000c3e80000)
 Metaspace       used 31894K, capacity 32552K, committed 32896K, reserved 1079296K
  class space    used 3168K, capacity 3365K, committed 3456K, reserved 1048576K
}
Event: 502.646 GC heap before
{Heap before GC invocations=13 (full 1):
 PSYoungGen      total 75776K, used 75093K [0x00000000eb400000, 0x00000000f0a00000, 0x0000000100000000)
  eden space 67584K, 98% used [0x00000000eb400000,0x00000000ef555938,0x00000000ef600000)
  from space 8192K, 99% used [0x00000000ef880000,0x00000000f007fbe0,0x00000000f0080000)
  to   space 9728K, 0% used [0x00000000f0080000,0x00000000f0080000,0x00000000f0a00000)
 ParOldGen       total 35328K, used 12481K [0x00000000c1c00000, 0x00000000c3e80000, 0x00000000eb400000)
  object space 35328K, 35% used [0x00000000c1c00000,0x00000000c2830518,0x00000000c3e80000)
 Metaspace       used 31984K, capacity 32680K, committed 33152K, reserved 1079296K
  class space    used 3168K, capacity 3365K, committed 3456K, reserved 1048576K
Event: 502.833 GC heap after
Heap after GC invocations=13 (full 1):
 PSYoungGen      total 75264K, used 9347K [0x00000000eb400000, 0x00000000f0a00000, 0x0000000100000000)
  eden space 65536K, 0% used [0x00000000eb400000,0x00000000eb400000,0x00000000ef400000)
  from space 9728K, 96% used [0x00000000f0080000,0x00000000f09a0d38,0x00000000f0a00000)
  to   space 10752K, 0% used [0x00000000ef500000,0x00000000ef500000,0x00000000eff80000)
 ParOldGen       total 35328K, used 19271K [0x00000000c1c00000, 0x00000000c3e80000, 0x00000000eb400000)
  object space 35328K, 54% used [0x00000000c1c00000,0x00000000c2ed1f10,0x00000000c3e80000)
 Metaspace       used 31984K, capacity 32680K, committed 33152K, reserved 1079296K
  class space    used 3168K, capacity 3365K, committed 3456K, reserved 1048576K
}
Event: 646.348 GC heap before
{Heap before GC invocations=14 (full 1):
 PSYoungGen      total 75264K, used 74674K [0x00000000eb400000, 0x00000000f0a00000, 0x0000000100000000)
  eden space 65536K, 99% used [0x00000000eb400000,0x00000000ef3cbcc8,0x00000000ef400000)
  from space 9728K, 96% used [0x00000000f0080000,0x00000000f09a0d38,0x00000000f0a00000)
  to   space 10752K, 0% used [0x00000000ef500000,0x00000000ef500000,0x00000000eff80000)
 ParOldGen       total 35328K, used 19271K [0x00000000c1c00000, 0x00000000c3e80000, 0x00000000eb400000)
  object space 35328K, 54% used [0x00000000c1c00000,0x00000000c2ed1f10,0x00000000c3e80000)
 Metaspace       used 32094K, capacity 32744K, committed 33152K, reserved 1079296K
  class space    used 3168K, capacity 3365K, committed 3456K, reserved 1048576K
Event: 646.364 GC heap after
Heap after GC invocations=14 (full 1):
 PSYoungGen      total 74240K, used 10725K [0x00000000eb400000, 0x00000000f0f00000, 0x0000000100000000)
  eden space 63488K, 0% used [0x00000000eb400000,0x00000000eb400000,0x00000000ef200000)
  from space 10752K, 99% used [0x00000000ef500000,0x00000000eff797e8,0x00000000eff80000)
  to   space 14848K, 0% used [0x00000000f0080000,0x00000000f0080000,0x00000000f0f00000)
 ParOldGen       total 35328K, used 25725K [0x00000000c1c00000, 0x00000000c3e80000, 0x00000000eb400000)
  object space 35328K, 72% used [0x00000000c1c00000,0x00000000c351f568,0x00000000c3e80000)
 Metaspace       used 32094K, capacity 32744K, committed 33152K, reserved 1079296K
  class space    used 3168K, capacity 3365K, committed 3456K, reserved 1048576K
}

